Classic Timing Analyzer report for SpectAnalyzer_top
Fri Jun 27 16:44:34 2025
Quartus II Version 9.0 Build 235 06/17/2009 Service Pack 2 SJ Web Edition


---------------------
; Table of Contents ;
---------------------
  1. Legal Notice
  2. Timing Analyzer Summary
  3. Timing Analyzer Settings
  4. Clock Settings Summary
  5. Parallel Compilation
  6. Clock Setup: 'clk'
  7. tsu
  8. tco
  9. th
 10. Timing Analyzer Messages



----------------
; Legal Notice ;
----------------
Copyright (C) 1991-2009 Altera Corporation
Your use of Altera Corporation's design tools, logic functions 
and other software and tools, and its AMPP partner logic 
functions, and any output files from any of the foregoing 
(including device programming or simulation files), and any 
associated documentation or information are expressly subject 
to the terms and conditions of the Altera Program License 
Subscription Agreement, Altera MegaCore Function License 
Agreement, or other applicable license agreement, including, 
without limitation, that your use is for the sole purpose of 
programming logic devices manufactured by Altera and sold by 
Altera or its authorized distributors.  Please refer to the 
applicable agreement for further details.



+--------------------------------------------------------------------------------------------------------------------------------------------------------------------------------------------------------------------+
; Timing Analyzer Summary                                                                                                                                                                                            ;
+------------------------------+-------+---------------+----------------------------------+---------------------------------------------------+-------------------------------+------------+----------+--------------+
; Type                         ; Slack ; Required Time ; Actual Time                      ; From                                              ; To                            ; From Clock ; To Clock ; Failed Paths ;
+------------------------------+-------+---------------+----------------------------------+---------------------------------------------------+-------------------------------+------------+----------+--------------+
; Worst-case tsu               ; N/A   ; None          ; 6.794 ns                         ; adc_valid                                         ; input_buffer:u_in|ram_dout[7] ; --         ; clk      ; 0            ;
; Worst-case tco               ; N/A   ; None          ; 9.403 ns                         ; ram_sp:ram_inst|altdpram:mem_rtl_0|segment[0][10] ; dout[10]                      ; clk        ; --       ; 0            ;
; Worst-case th                ; N/A   ; None          ; -1.418 ns                        ; rst_n                                             ; input_buffer:u_in|ram_addr[0] ; --         ; clk      ; 0            ;
; Clock Setup: 'clk'           ; N/A   ; None          ; 30.85 MHz ( period = 32.416 ns ) ; mag_sqr_fft:u_fft|w_im[13]                        ; mag_sqr_fft:u_fft|up_im[15]   ; clk        ; clk      ; 0            ;
; Total number of failed paths ;       ;               ;                                  ;                                                   ;                               ;            ;          ; 0            ;
+------------------------------+-------+---------------+----------------------------------+---------------------------------------------------+-------------------------------+------------+----------+--------------+


+--------------------------------------------------------------------------------------------------------------------+
; Timing Analyzer Settings                                                                                           ;
+---------------------------------------------------------------------+--------------------+------+----+-------------+
; Option                                                              ; Setting            ; From ; To ; Entity Name ;
+---------------------------------------------------------------------+--------------------+------+----+-------------+
; Device Name                                                         ; EP20K200EFC672-1   ;      ;    ;             ;
; Timing Models                                                       ; Final              ;      ;    ;             ;
; Default hold multicycle                                             ; Same as Multicycle ;      ;    ;             ;
; Cut paths between unrelated clock domains                           ; On                 ;      ;    ;             ;
; Cut off read during write signal paths                              ; On                 ;      ;    ;             ;
; Cut off feedback from I/O pins                                      ; On                 ;      ;    ;             ;
; Report Combined Fast/Slow Timing                                    ; Off                ;      ;    ;             ;
; Ignore Clock Settings                                               ; Off                ;      ;    ;             ;
; Analyze latches as synchronous elements                             ; On                 ;      ;    ;             ;
; Enable Recovery/Removal analysis                                    ; Off                ;      ;    ;             ;
; Enable Clock Latency                                                ; Off                ;      ;    ;             ;
; Use TimeQuest Timing Analyzer                                       ; Off                ;      ;    ;             ;
; Minimum Core Junction Temperature                                   ; 0                  ;      ;    ;             ;
; Maximum Core Junction Temperature                                   ; 85                 ;      ;    ;             ;
; Number of source nodes to report per destination node               ; 10                 ;      ;    ;             ;
; Number of destination nodes to report                               ; 10                 ;      ;    ;             ;
; Number of paths to report                                           ; 200                ;      ;    ;             ;
; Report Minimum Timing Checks                                        ; Off                ;      ;    ;             ;
; Use Fast Timing Models                                              ; Off                ;      ;    ;             ;
; Report IO Paths Separately                                          ; Off                ;      ;    ;             ;
; Perform Multicorner Analysis                                        ; Off                ;      ;    ;             ;
; Reports the worst-case path for each clock domain and analysis      ; Off                ;      ;    ;             ;
; Removes common clock path pessimism (CCPP) during slack computation ; Off                ;      ;    ;             ;
; Output I/O Timing Endpoint                                          ; Near End           ;      ;    ;             ;
+---------------------------------------------------------------------+--------------------+------+----+-------------+


+------------------------------------------------------------------------------------------------------------------------------------------------------------------------------------+
; Clock Settings Summary                                                                                                                                                             ;
+-----------------+--------------------+----------+------------------+---------------+--------------+----------+-----------------------+---------------------+--------+--------------+
; Clock Node Name ; Clock Setting Name ; Type     ; Fmax Requirement ; Early Latency ; Late Latency ; Based on ; Multiply Base Fmax by ; Divide Base Fmax by ; Offset ; Phase offset ;
+-----------------+--------------------+----------+------------------+---------------+--------------+----------+-----------------------+---------------------+--------+--------------+
; clk             ;                    ; User Pin ; None             ; 0.000 ns      ; 0.000 ns     ; --       ; N/A                   ; N/A                 ; N/A    ;              ;
+-----------------+--------------------+----------+------------------+---------------+--------------+----------+-----------------------+---------------------+--------+--------------+


Parallel compilation was disabled, but you have multiple processors available. Enable parallel compilation to reduce compilation time.
+-------------------------------------+
; Parallel Compilation                ;
+----------------------------+--------+
; Processors                 ; Number ;
+----------------------------+--------+
; Number detected on machine ; 14     ;
; Maximum allowed            ; 1      ;
+----------------------------+--------+


+----------------------------------------------------------------------------------------------------------------------------------------------------------------------------------------------------------------------------------------------------------------------+
; Clock Setup: 'clk'                                                                                                                                                                                                                                                   ;
+-----------------------------------------+-----------------------------------------------------+----------------------------+-----------------------------+------------+----------+-----------------------------+---------------------------+-------------------------+
; Slack                                   ; Actual fmax (period)                                ; From                       ; To                          ; From Clock ; To Clock ; Required Setup Relationship ; Required Longest P2P Time ; Actual Longest P2P Time ;
+-----------------------------------------+-----------------------------------------------------+----------------------------+-----------------------------+------------+----------+-----------------------------+---------------------------+-------------------------+
; N/A                                     ; 30.85 MHz ( period = 32.416 ns )                    ; mag_sqr_fft:u_fft|w_im[13] ; mag_sqr_fft:u_fft|up_im[15] ; clk        ; clk      ; None                        ; None                      ; 31.957 ns               ;
; N/A                                     ; 30.96 MHz ( period = 32.297 ns )                    ; mag_sqr_fft:u_fft|w_im[13] ; mag_sqr_fft:u_fft|up_im[14] ; clk        ; clk      ; None                        ; None                      ; 31.838 ns               ;
; N/A                                     ; 31.03 MHz ( period = 32.227 ns )                    ; mag_sqr_fft:u_fft|w_im[13] ; mag_sqr_fft:u_fft|up_im[12] ; clk        ; clk      ; None                        ; None                      ; 31.768 ns               ;
; N/A                                     ; 31.13 MHz ( period = 32.123 ns )                    ; mag_sqr_fft:u_fft|w_im[13] ; mag_sqr_fft:u_fft|up_im[13] ; clk        ; clk      ; None                        ; None                      ; 31.664 ns               ;
; N/A                                     ; 31.23 MHz ( period = 32.020 ns )                    ; mag_sqr_fft:u_fft|w_im[13] ; mag_sqr_fft:u_fft|up_im[11] ; clk        ; clk      ; None                        ; None                      ; 31.561 ns               ;
; N/A                                     ; 31.38 MHz ( period = 31.863 ns )                    ; mag_sqr_fft:u_fft|w_im[13] ; mag_sqr_fft:u_fft|up_im[10] ; clk        ; clk      ; None                        ; None                      ; 31.404 ns               ;
; N/A                                     ; 31.49 MHz ( period = 31.752 ns )                    ; mag_sqr_fft:u_fft|w_im[13] ; mag_sqr_fft:u_fft|up_im[9]  ; clk        ; clk      ; None                        ; None                      ; 31.293 ns               ;
; N/A                                     ; 31.50 MHz ( period = 31.745 ns )                    ; mag_sqr_fft:u_fft|w_im[13] ; mag_sqr_fft:u_fft|up_im[6]  ; clk        ; clk      ; None                        ; None                      ; 31.286 ns               ;
; N/A                                     ; 31.51 MHz ( period = 31.737 ns )                    ; mag_sqr_fft:u_fft|w_re[1]  ; mag_sqr_fft:u_fft|up_im[15] ; clk        ; clk      ; None                        ; None                      ; 31.278 ns               ;
; N/A                                     ; 31.60 MHz ( period = 31.649 ns )                    ; mag_sqr_fft:u_fft|w_im[13] ; mag_sqr_fft:u_fft|up_im[8]  ; clk        ; clk      ; None                        ; None                      ; 31.190 ns               ;
; N/A                                     ; 31.63 MHz ( period = 31.618 ns )                    ; mag_sqr_fft:u_fft|w_re[1]  ; mag_sqr_fft:u_fft|up_im[14] ; clk        ; clk      ; None                        ; None                      ; 31.159 ns               ;
; N/A                                     ; 31.70 MHz ( period = 31.548 ns )                    ; mag_sqr_fft:u_fft|w_re[1]  ; mag_sqr_fft:u_fft|up_im[12] ; clk        ; clk      ; None                        ; None                      ; 31.089 ns               ;
; N/A                                     ; 31.77 MHz ( period = 31.476 ns )                    ; mag_sqr_fft:u_fft|b_re[14] ; mag_sqr_fft:u_fft|up_re[15] ; clk        ; clk      ; None                        ; None                      ; 31.017 ns               ;
; N/A                                     ; 31.80 MHz ( period = 31.444 ns )                    ; mag_sqr_fft:u_fft|w_re[1]  ; mag_sqr_fft:u_fft|up_im[13] ; clk        ; clk      ; None                        ; None                      ; 30.985 ns               ;
; N/A                                     ; 31.82 MHz ( period = 31.422 ns )                    ; mag_sqr_fft:u_fft|w_re[14] ; mag_sqr_fft:u_fft|up_re[15] ; clk        ; clk      ; None                        ; None                      ; 30.963 ns               ;
; N/A                                     ; 31.89 MHz ( period = 31.358 ns )                    ; mag_sqr_fft:u_fft|b_re[14] ; mag_sqr_fft:u_fft|up_re[14] ; clk        ; clk      ; None                        ; None                      ; 30.899 ns               ;
; N/A                                     ; 31.91 MHz ( period = 31.341 ns )                    ; mag_sqr_fft:u_fft|w_re[1]  ; mag_sqr_fft:u_fft|up_im[11] ; clk        ; clk      ; None                        ; None                      ; 30.882 ns               ;
; N/A                                     ; 31.94 MHz ( period = 31.304 ns )                    ; mag_sqr_fft:u_fft|w_re[14] ; mag_sqr_fft:u_fft|up_re[14] ; clk        ; clk      ; None                        ; None                      ; 30.845 ns               ;
; N/A                                     ; 31.95 MHz ( period = 31.300 ns )                    ; mag_sqr_fft:u_fft|w_re[0]  ; mag_sqr_fft:u_fft|up_im[15] ; clk        ; clk      ; None                        ; None                      ; 30.841 ns               ;
; N/A                                     ; 31.97 MHz ( period = 31.275 ns )                    ; mag_sqr_fft:u_fft|b_re[14] ; mag_sqr_fft:u_fft|up_re[13] ; clk        ; clk      ; None                        ; None                      ; 30.816 ns               ;
; N/A                                     ; 32.00 MHz ( period = 31.246 ns )                    ; mag_sqr_fft:u_fft|w_re[13] ; mag_sqr_fft:u_fft|up_re[15] ; clk        ; clk      ; None                        ; None                      ; 30.787 ns               ;
; N/A                                     ; 32.03 MHz ( period = 31.221 ns )                    ; mag_sqr_fft:u_fft|w_re[14] ; mag_sqr_fft:u_fft|up_re[13] ; clk        ; clk      ; None                        ; None                      ; 30.762 ns               ;
; N/A                                     ; 32.07 MHz ( period = 31.184 ns )                    ; mag_sqr_fft:u_fft|w_re[1]  ; mag_sqr_fft:u_fft|up_im[10] ; clk        ; clk      ; None                        ; None                      ; 30.725 ns               ;
; N/A                                     ; 32.07 MHz ( period = 31.181 ns )                    ; mag_sqr_fft:u_fft|w_re[0]  ; mag_sqr_fft:u_fft|up_im[14] ; clk        ; clk      ; None                        ; None                      ; 30.722 ns               ;
; N/A                                     ; 32.09 MHz ( period = 31.159 ns )                    ; mag_sqr_fft:u_fft|b_re[14] ; mag_sqr_fft:u_fft|up_re[12] ; clk        ; clk      ; None                        ; None                      ; 30.700 ns               ;
; N/A                                     ; 32.13 MHz ( period = 31.128 ns )                    ; mag_sqr_fft:u_fft|w_re[13] ; mag_sqr_fft:u_fft|up_re[14] ; clk        ; clk      ; None                        ; None                      ; 30.669 ns               ;
; N/A                                     ; 32.14 MHz ( period = 31.111 ns )                    ; mag_sqr_fft:u_fft|w_re[0]  ; mag_sqr_fft:u_fft|up_im[12] ; clk        ; clk      ; None                        ; None                      ; 30.652 ns               ;
; N/A                                     ; 32.15 MHz ( period = 31.105 ns )                    ; mag_sqr_fft:u_fft|w_re[14] ; mag_sqr_fft:u_fft|up_re[12] ; clk        ; clk      ; None                        ; None                      ; 30.646 ns               ;
; N/A                                     ; 32.16 MHz ( period = 31.095 ns )                    ; mag_sqr_fft:u_fft|b_re[14] ; mag_sqr_fft:u_fft|up_re[11] ; clk        ; clk      ; None                        ; None                      ; 30.636 ns               ;
; N/A                                     ; 32.17 MHz ( period = 31.088 ns )                    ; mag_sqr_fft:u_fft|b_re[14] ; mag_sqr_fft:u_fft|up_re[10] ; clk        ; clk      ; None                        ; None                      ; 30.629 ns               ;
; N/A                                     ; 32.18 MHz ( period = 31.073 ns )                    ; mag_sqr_fft:u_fft|w_re[1]  ; mag_sqr_fft:u_fft|up_im[9]  ; clk        ; clk      ; None                        ; None                      ; 30.614 ns               ;
; N/A                                     ; 32.19 MHz ( period = 31.066 ns )                    ; mag_sqr_fft:u_fft|w_re[1]  ; mag_sqr_fft:u_fft|up_im[6]  ; clk        ; clk      ; None                        ; None                      ; 30.607 ns               ;
; N/A                                     ; 32.21 MHz ( period = 31.045 ns )                    ; mag_sqr_fft:u_fft|w_re[13] ; mag_sqr_fft:u_fft|up_re[13] ; clk        ; clk      ; None                        ; None                      ; 30.586 ns               ;
; N/A                                     ; 32.22 MHz ( period = 31.041 ns )                    ; mag_sqr_fft:u_fft|w_re[14] ; mag_sqr_fft:u_fft|up_re[11] ; clk        ; clk      ; None                        ; None                      ; 30.582 ns               ;
; N/A                                     ; 32.22 MHz ( period = 31.034 ns )                    ; mag_sqr_fft:u_fft|w_re[14] ; mag_sqr_fft:u_fft|up_re[10] ; clk        ; clk      ; None                        ; None                      ; 30.575 ns               ;
; N/A                                     ; 32.25 MHz ( period = 31.007 ns )                    ; mag_sqr_fft:u_fft|w_re[0]  ; mag_sqr_fft:u_fft|up_im[13] ; clk        ; clk      ; None                        ; None                      ; 30.548 ns               ;
; N/A                                     ; 32.28 MHz ( period = 30.983 ns )                    ; mag_sqr_fft:u_fft|b_re[17] ; mag_sqr_fft:u_fft|up_re[15] ; clk        ; clk      ; None                        ; None                      ; 30.524 ns               ;
; N/A                                     ; 32.29 MHz ( period = 30.970 ns )                    ; mag_sqr_fft:u_fft|w_re[1]  ; mag_sqr_fft:u_fft|up_im[8]  ; clk        ; clk      ; None                        ; None                      ; 30.511 ns               ;
; N/A                                     ; 32.29 MHz ( period = 30.969 ns )                    ; mag_sqr_fft:u_fft|w_im[13] ; mag_sqr_fft:u_fft|up_im[5]  ; clk        ; clk      ; None                        ; None                      ; 30.510 ns               ;
; N/A                                     ; 32.32 MHz ( period = 30.942 ns )                    ; mag_sqr_fft:u_fft|w_im[13] ; mag_sqr_fft:u_fft|up_im[7]  ; clk        ; clk      ; None                        ; None                      ; 30.483 ns               ;
; N/A                                     ; 32.33 MHz ( period = 30.929 ns )                    ; mag_sqr_fft:u_fft|w_re[13] ; mag_sqr_fft:u_fft|up_re[12] ; clk        ; clk      ; None                        ; None                      ; 30.470 ns               ;
; N/A                                     ; 32.36 MHz ( period = 30.904 ns )                    ; mag_sqr_fft:u_fft|w_re[0]  ; mag_sqr_fft:u_fft|up_im[11] ; clk        ; clk      ; None                        ; None                      ; 30.445 ns               ;
; N/A                                     ; 32.39 MHz ( period = 30.878 ns )                    ; mag_sqr_fft:u_fft|w_re[13] ; mag_sqr_fft:u_fft|up_im[15] ; clk        ; clk      ; None                        ; None                      ; 30.419 ns               ;
; N/A                                     ; 32.40 MHz ( period = 30.865 ns )                    ; mag_sqr_fft:u_fft|w_re[13] ; mag_sqr_fft:u_fft|up_re[11] ; clk        ; clk      ; None                        ; None                      ; 30.406 ns               ;
; N/A                                     ; 32.40 MHz ( period = 30.865 ns )                    ; mag_sqr_fft:u_fft|b_re[17] ; mag_sqr_fft:u_fft|up_re[14] ; clk        ; clk      ; None                        ; None                      ; 30.406 ns               ;
; N/A                                     ; 32.41 MHz ( period = 30.858 ns )                    ; mag_sqr_fft:u_fft|w_re[13] ; mag_sqr_fft:u_fft|up_re[10] ; clk        ; clk      ; None                        ; None                      ; 30.399 ns               ;
; N/A                                     ; 32.44 MHz ( period = 30.830 ns )                    ; mag_sqr_fft:u_fft|b_re[14] ; mag_sqr_fft:u_fft|up_re[9]  ; clk        ; clk      ; None                        ; None                      ; 30.371 ns               ;
; N/A                                     ; 32.47 MHz ( period = 30.800 ns )                    ; mag_sqr_fft:u_fft|b_re[13] ; mag_sqr_fft:u_fft|up_re[15] ; clk        ; clk      ; None                        ; None                      ; 30.341 ns               ;
; N/A                                     ; 32.49 MHz ( period = 30.782 ns )                    ; mag_sqr_fft:u_fft|b_re[17] ; mag_sqr_fft:u_fft|up_re[13] ; clk        ; clk      ; None                        ; None                      ; 30.323 ns               ;
; N/A                                     ; 32.49 MHz ( period = 30.776 ns )                    ; mag_sqr_fft:u_fft|w_re[14] ; mag_sqr_fft:u_fft|up_re[9]  ; clk        ; clk      ; None                        ; None                      ; 30.317 ns               ;
; N/A                                     ; 32.51 MHz ( period = 30.759 ns )                    ; mag_sqr_fft:u_fft|w_re[13] ; mag_sqr_fft:u_fft|up_im[14] ; clk        ; clk      ; None                        ; None                      ; 30.300 ns               ;
; N/A                                     ; 32.51 MHz ( period = 30.758 ns )                    ; mag_sqr_fft:u_fft|w_im[13] ; mag_sqr_fft:u_fft|up_re[15] ; clk        ; clk      ; None                        ; None                      ; 30.299 ns               ;
; N/A                                     ; 32.52 MHz ( period = 30.747 ns )                    ; mag_sqr_fft:u_fft|w_re[0]  ; mag_sqr_fft:u_fft|up_im[10] ; clk        ; clk      ; None                        ; None                      ; 30.288 ns               ;
; N/A                                     ; 32.54 MHz ( period = 30.734 ns )                    ; mag_sqr_fft:u_fft|w_im[13] ; mag_sqr_fft:u_fft|up_im[3]  ; clk        ; clk      ; None                        ; None                      ; 30.275 ns               ;
; N/A                                     ; 32.56 MHz ( period = 30.708 ns )                    ; mag_sqr_fft:u_fft|b_re[14] ; mag_sqr_fft:u_fft|up_re[8]  ; clk        ; clk      ; None                        ; None                      ; 30.249 ns               ;
; N/A                                     ; 32.58 MHz ( period = 30.689 ns )                    ; mag_sqr_fft:u_fft|w_im[13] ; mag_sqr_fft:u_fft|up_im[4]  ; clk        ; clk      ; None                        ; None                      ; 30.230 ns               ;
; N/A                                     ; 32.58 MHz ( period = 30.689 ns )                    ; mag_sqr_fft:u_fft|w_re[13] ; mag_sqr_fft:u_fft|up_im[12] ; clk        ; clk      ; None                        ; None                      ; 30.230 ns               ;
; N/A                                     ; 32.59 MHz ( period = 30.682 ns )                    ; mag_sqr_fft:u_fft|b_re[13] ; mag_sqr_fft:u_fft|up_re[14] ; clk        ; clk      ; None                        ; None                      ; 30.223 ns               ;
; N/A                                     ; 32.61 MHz ( period = 30.666 ns )                    ; mag_sqr_fft:u_fft|b_re[17] ; mag_sqr_fft:u_fft|up_re[12] ; clk        ; clk      ; None                        ; None                      ; 30.207 ns               ;
; N/A                                     ; 32.62 MHz ( period = 30.654 ns )                    ; mag_sqr_fft:u_fft|w_re[14] ; mag_sqr_fft:u_fft|up_re[8]  ; clk        ; clk      ; None                        ; None                      ; 30.195 ns               ;
; N/A                                     ; 32.64 MHz ( period = 30.640 ns )                    ; mag_sqr_fft:u_fft|w_im[13] ; mag_sqr_fft:u_fft|up_re[14] ; clk        ; clk      ; None                        ; None                      ; 30.181 ns               ;
; N/A                                     ; 32.64 MHz ( period = 30.636 ns )                    ; mag_sqr_fft:u_fft|w_re[0]  ; mag_sqr_fft:u_fft|up_im[9]  ; clk        ; clk      ; None                        ; None                      ; 30.177 ns               ;
; N/A                                     ; 32.65 MHz ( period = 30.629 ns )                    ; mag_sqr_fft:u_fft|w_re[0]  ; mag_sqr_fft:u_fft|up_im[6]  ; clk        ; clk      ; None                        ; None                      ; 30.170 ns               ;
; N/A                                     ; 32.68 MHz ( period = 30.602 ns )                    ; mag_sqr_fft:u_fft|b_re[17] ; mag_sqr_fft:u_fft|up_re[11] ; clk        ; clk      ; None                        ; None                      ; 30.143 ns               ;
; N/A                                     ; 32.68 MHz ( period = 30.600 ns )                    ; mag_sqr_fft:u_fft|w_re[13] ; mag_sqr_fft:u_fft|up_re[9]  ; clk        ; clk      ; None                        ; None                      ; 30.141 ns               ;
; N/A                                     ; 32.68 MHz ( period = 30.599 ns )                    ; mag_sqr_fft:u_fft|b_re[13] ; mag_sqr_fft:u_fft|up_re[13] ; clk        ; clk      ; None                        ; None                      ; 30.140 ns               ;
; N/A                                     ; 32.69 MHz ( period = 30.595 ns )                    ; mag_sqr_fft:u_fft|b_re[17] ; mag_sqr_fft:u_fft|up_re[10] ; clk        ; clk      ; None                        ; None                      ; 30.136 ns               ;
; N/A                                     ; 32.69 MHz ( period = 30.587 ns )                    ; mag_sqr_fft:u_fft|w_im[13] ; mag_sqr_fft:u_fft|up_im[2]  ; clk        ; clk      ; None                        ; None                      ; 30.128 ns               ;
; N/A                                     ; 32.70 MHz ( period = 30.585 ns )                    ; mag_sqr_fft:u_fft|w_re[13] ; mag_sqr_fft:u_fft|up_im[13] ; clk        ; clk      ; None                        ; None                      ; 30.126 ns               ;
; N/A                                     ; 32.73 MHz ( period = 30.557 ns )                    ; mag_sqr_fft:u_fft|w_im[13] ; mag_sqr_fft:u_fft|up_re[13] ; clk        ; clk      ; None                        ; None                      ; 30.098 ns               ;
; N/A                                     ; 32.75 MHz ( period = 30.533 ns )                    ; mag_sqr_fft:u_fft|w_re[0]  ; mag_sqr_fft:u_fft|up_im[8]  ; clk        ; clk      ; None                        ; None                      ; 30.074 ns               ;
; N/A                                     ; 32.81 MHz ( period = 30.483 ns )                    ; mag_sqr_fft:u_fft|b_re[13] ; mag_sqr_fft:u_fft|up_re[12] ; clk        ; clk      ; None                        ; None                      ; 30.024 ns               ;
; N/A                                     ; 32.81 MHz ( period = 30.482 ns )                    ; mag_sqr_fft:u_fft|w_re[13] ; mag_sqr_fft:u_fft|up_im[11] ; clk        ; clk      ; None                        ; None                      ; 30.023 ns               ;
; N/A                                     ; 32.81 MHz ( period = 30.478 ns )                    ; mag_sqr_fft:u_fft|w_re[13] ; mag_sqr_fft:u_fft|up_re[8]  ; clk        ; clk      ; None                        ; None                      ; 30.019 ns               ;
; N/A                                     ; 32.83 MHz ( period = 30.461 ns )                    ; mag_sqr_fft:u_fft|w_im[13] ; mag_sqr_fft:u_fft|up_im[1]  ; clk        ; clk      ; None                        ; None                      ; 30.002 ns               ;
; N/A                                     ; 32.85 MHz ( period = 30.441 ns )                    ; mag_sqr_fft:u_fft|w_im[13] ; mag_sqr_fft:u_fft|up_re[12] ; clk        ; clk      ; None                        ; None                      ; 29.982 ns               ;
; N/A                                     ; 32.87 MHz ( period = 30.419 ns )                    ; mag_sqr_fft:u_fft|b_re[13] ; mag_sqr_fft:u_fft|up_re[11] ; clk        ; clk      ; None                        ; None                      ; 29.960 ns               ;
; N/A                                     ; 32.88 MHz ( period = 30.412 ns )                    ; mag_sqr_fft:u_fft|b_re[13] ; mag_sqr_fft:u_fft|up_re[10] ; clk        ; clk      ; None                        ; None                      ; 29.953 ns               ;
; N/A                                     ; 32.92 MHz ( period = 30.377 ns )                    ; mag_sqr_fft:u_fft|w_im[13] ; mag_sqr_fft:u_fft|up_re[11] ; clk        ; clk      ; None                        ; None                      ; 29.918 ns               ;
; N/A                                     ; 32.93 MHz ( period = 30.370 ns )                    ; mag_sqr_fft:u_fft|b_re[14] ; mag_sqr_fft:u_fft|up_re[7]  ; clk        ; clk      ; None                        ; None                      ; 29.911 ns               ;
; N/A                                     ; 32.93 MHz ( period = 30.370 ns )                    ; mag_sqr_fft:u_fft|w_im[13] ; mag_sqr_fft:u_fft|up_re[10] ; clk        ; clk      ; None                        ; None                      ; 29.911 ns               ;
; N/A                                     ; 32.96 MHz ( period = 30.337 ns )                    ; mag_sqr_fft:u_fft|b_re[17] ; mag_sqr_fft:u_fft|up_re[9]  ; clk        ; clk      ; None                        ; None                      ; 29.878 ns               ;
; N/A                                     ; 32.98 MHz ( period = 30.325 ns )                    ; mag_sqr_fft:u_fft|w_re[13] ; mag_sqr_fft:u_fft|up_im[10] ; clk        ; clk      ; None                        ; None                      ; 29.866 ns               ;
; N/A                                     ; 32.99 MHz ( period = 30.316 ns )                    ; mag_sqr_fft:u_fft|w_re[14] ; mag_sqr_fft:u_fft|up_re[7]  ; clk        ; clk      ; None                        ; None                      ; 29.857 ns               ;
; N/A                                     ; 33.01 MHz ( period = 30.290 ns )                    ; mag_sqr_fft:u_fft|w_re[1]  ; mag_sqr_fft:u_fft|up_im[5]  ; clk        ; clk      ; None                        ; None                      ; 29.831 ns               ;
; N/A                                     ; 33.03 MHz ( period = 30.272 ns )                    ; mag_sqr_fft:u_fft|w_re[1]  ; mag_sqr_fft:u_fft|up_re[15] ; clk        ; clk      ; None                        ; None                      ; 29.813 ns               ;
; N/A                                     ; 33.04 MHz ( period = 30.263 ns )                    ; mag_sqr_fft:u_fft|w_re[1]  ; mag_sqr_fft:u_fft|up_im[7]  ; clk        ; clk      ; None                        ; None                      ; 29.804 ns               ;
; N/A                                     ; 33.10 MHz ( period = 30.215 ns )                    ; mag_sqr_fft:u_fft|b_re[17] ; mag_sqr_fft:u_fft|up_re[8]  ; clk        ; clk      ; None                        ; None                      ; 29.756 ns               ;
; N/A                                     ; 33.10 MHz ( period = 30.214 ns )                    ; mag_sqr_fft:u_fft|w_re[13] ; mag_sqr_fft:u_fft|up_im[9]  ; clk        ; clk      ; None                        ; None                      ; 29.755 ns               ;
; N/A                                     ; 33.10 MHz ( period = 30.207 ns )                    ; mag_sqr_fft:u_fft|w_re[13] ; mag_sqr_fft:u_fft|up_im[6]  ; clk        ; clk      ; None                        ; None                      ; 29.748 ns               ;
; N/A                                     ; 33.12 MHz ( period = 30.191 ns )                    ; mag_sqr_fft:u_fft|b_re[14] ; mag_sqr_fft:u_fft|up_re[6]  ; clk        ; clk      ; None                        ; None                      ; 29.732 ns               ;
; N/A                                     ; 33.16 MHz ( period = 30.154 ns )                    ; mag_sqr_fft:u_fft|b_re[13] ; mag_sqr_fft:u_fft|up_re[9]  ; clk        ; clk      ; None                        ; None                      ; 29.695 ns               ;
; N/A                                     ; 33.16 MHz ( period = 30.154 ns )                    ; mag_sqr_fft:u_fft|w_re[1]  ; mag_sqr_fft:u_fft|up_re[14] ; clk        ; clk      ; None                        ; None                      ; 29.695 ns               ;
; N/A                                     ; 33.18 MHz ( period = 30.140 ns )                    ; mag_sqr_fft:u_fft|w_re[13] ; mag_sqr_fft:u_fft|up_re[7]  ; clk        ; clk      ; None                        ; None                      ; 29.681 ns               ;
; N/A                                     ; 33.18 MHz ( period = 30.137 ns )                    ; mag_sqr_fft:u_fft|w_re[14] ; mag_sqr_fft:u_fft|up_re[6]  ; clk        ; clk      ; None                        ; None                      ; 29.678 ns               ;
; N/A                                     ; 33.21 MHz ( period = 30.112 ns )                    ; mag_sqr_fft:u_fft|w_im[13] ; mag_sqr_fft:u_fft|up_re[9]  ; clk        ; clk      ; None                        ; None                      ; 29.653 ns               ;
; N/A                                     ; 33.21 MHz ( period = 30.111 ns )                    ; mag_sqr_fft:u_fft|w_re[13] ; mag_sqr_fft:u_fft|up_im[8]  ; clk        ; clk      ; None                        ; None                      ; 29.652 ns               ;
; N/A                                     ; 33.22 MHz ( period = 30.098 ns )                    ; mag_sqr_fft:u_fft|w_re[14] ; mag_sqr_fft:u_fft|up_im[15] ; clk        ; clk      ; None                        ; None                      ; 29.639 ns               ;
; N/A                                     ; 33.25 MHz ( period = 30.071 ns )                    ; mag_sqr_fft:u_fft|w_re[1]  ; mag_sqr_fft:u_fft|up_re[13] ; clk        ; clk      ; None                        ; None                      ; 29.612 ns               ;
; N/A                                     ; 33.27 MHz ( period = 30.055 ns )                    ; mag_sqr_fft:u_fft|w_re[1]  ; mag_sqr_fft:u_fft|up_im[3]  ; clk        ; clk      ; None                        ; None                      ; 29.596 ns               ;
; N/A                                     ; 33.30 MHz ( period = 30.032 ns )                    ; mag_sqr_fft:u_fft|b_re[13] ; mag_sqr_fft:u_fft|up_re[8]  ; clk        ; clk      ; None                        ; None                      ; 29.573 ns               ;
; N/A                                     ; 33.32 MHz ( period = 30.010 ns )                    ; mag_sqr_fft:u_fft|w_re[1]  ; mag_sqr_fft:u_fft|up_im[4]  ; clk        ; clk      ; None                        ; None                      ; 29.551 ns               ;
; N/A                                     ; 33.34 MHz ( period = 29.990 ns )                    ; mag_sqr_fft:u_fft|w_im[13] ; mag_sqr_fft:u_fft|up_re[8]  ; clk        ; clk      ; None                        ; None                      ; 29.531 ns               ;
; N/A                                     ; 33.36 MHz ( period = 29.979 ns )                    ; mag_sqr_fft:u_fft|w_re[14] ; mag_sqr_fft:u_fft|up_im[14] ; clk        ; clk      ; None                        ; None                      ; 29.520 ns               ;
; N/A                                     ; 33.37 MHz ( period = 29.967 ns )                    ; mag_sqr_fft:u_fft|b_re[14] ; mag_sqr_fft:u_fft|up_re[4]  ; clk        ; clk      ; None                        ; None                      ; 29.508 ns               ;
; N/A                                     ; 33.38 MHz ( period = 29.961 ns )                    ; mag_sqr_fft:u_fft|w_re[13] ; mag_sqr_fft:u_fft|up_re[6]  ; clk        ; clk      ; None                        ; None                      ; 29.502 ns               ;
; N/A                                     ; 33.38 MHz ( period = 29.955 ns )                    ; mag_sqr_fft:u_fft|w_re[1]  ; mag_sqr_fft:u_fft|up_re[12] ; clk        ; clk      ; None                        ; None                      ; 29.496 ns               ;
; N/A                                     ; 33.39 MHz ( period = 29.948 ns )                    ; mag_sqr_fft:u_fft|b_re[14] ; mag_sqr_fft:u_fft|up_re[5]  ; clk        ; clk      ; None                        ; None                      ; 29.489 ns               ;
; N/A                                     ; 33.43 MHz ( period = 29.913 ns )                    ; mag_sqr_fft:u_fft|w_re[14] ; mag_sqr_fft:u_fft|up_re[4]  ; clk        ; clk      ; None                        ; None                      ; 29.454 ns               ;
; N/A                                     ; 33.43 MHz ( period = 29.910 ns )                    ; mag_sqr_fft:u_fft|b_im[13] ; mag_sqr_fft:u_fft|up_im[15] ; clk        ; clk      ; None                        ; None                      ; 29.451 ns               ;
; N/A                                     ; 33.43 MHz ( period = 29.909 ns )                    ; mag_sqr_fft:u_fft|w_re[14] ; mag_sqr_fft:u_fft|up_im[12] ; clk        ; clk      ; None                        ; None                      ; 29.450 ns               ;
; N/A                                     ; 33.45 MHz ( period = 29.894 ns )                    ; mag_sqr_fft:u_fft|w_re[14] ; mag_sqr_fft:u_fft|up_re[5]  ; clk        ; clk      ; None                        ; None                      ; 29.435 ns               ;
; N/A                                     ; 33.45 MHz ( period = 29.891 ns )                    ; mag_sqr_fft:u_fft|w_re[1]  ; mag_sqr_fft:u_fft|up_re[11] ; clk        ; clk      ; None                        ; None                      ; 29.432 ns               ;
; N/A                                     ; 33.46 MHz ( period = 29.884 ns )                    ; mag_sqr_fft:u_fft|w_re[1]  ; mag_sqr_fft:u_fft|up_re[10] ; clk        ; clk      ; None                        ; None                      ; 29.425 ns               ;
; N/A                                     ; 33.46 MHz ( period = 29.883 ns )                    ; mag_sqr_fft:u_fft|b_re[14] ; mag_sqr_fft:u_fft|up_re[3]  ; clk        ; clk      ; None                        ; None                      ; 29.424 ns               ;
; N/A                                     ; 33.47 MHz ( period = 29.877 ns )                    ; mag_sqr_fft:u_fft|b_re[17] ; mag_sqr_fft:u_fft|up_re[7]  ; clk        ; clk      ; None                        ; None                      ; 29.418 ns               ;
; N/A                                     ; 33.50 MHz ( period = 29.853 ns )                    ; mag_sqr_fft:u_fft|w_re[0]  ; mag_sqr_fft:u_fft|up_im[5]  ; clk        ; clk      ; None                        ; None                      ; 29.394 ns               ;
; N/A                                     ; 33.52 MHz ( period = 29.829 ns )                    ; mag_sqr_fft:u_fft|w_re[14] ; mag_sqr_fft:u_fft|up_re[3]  ; clk        ; clk      ; None                        ; None                      ; 29.370 ns               ;
; N/A                                     ; 33.53 MHz ( period = 29.826 ns )                    ; mag_sqr_fft:u_fft|w_re[0]  ; mag_sqr_fft:u_fft|up_im[7]  ; clk        ; clk      ; None                        ; None                      ; 29.367 ns               ;
; N/A                                     ; 33.55 MHz ( period = 29.805 ns )                    ; mag_sqr_fft:u_fft|w_re[14] ; mag_sqr_fft:u_fft|up_im[13] ; clk        ; clk      ; None                        ; None                      ; 29.346 ns               ;
; N/A                                     ; 33.57 MHz ( period = 29.791 ns )                    ; mag_sqr_fft:u_fft|b_im[13] ; mag_sqr_fft:u_fft|up_im[14] ; clk        ; clk      ; None                        ; None                      ; 29.332 ns               ;
; N/A                                     ; 33.63 MHz ( period = 29.737 ns )                    ; mag_sqr_fft:u_fft|w_re[13] ; mag_sqr_fft:u_fft|up_re[4]  ; clk        ; clk      ; None                        ; None                      ; 29.278 ns               ;
; N/A                                     ; 33.65 MHz ( period = 29.721 ns )                    ; mag_sqr_fft:u_fft|b_im[13] ; mag_sqr_fft:u_fft|up_im[12] ; clk        ; clk      ; None                        ; None                      ; 29.262 ns               ;
; N/A                                     ; 33.65 MHz ( period = 29.718 ns )                    ; mag_sqr_fft:u_fft|w_re[13] ; mag_sqr_fft:u_fft|up_re[5]  ; clk        ; clk      ; None                        ; None                      ; 29.259 ns               ;
; N/A                                     ; 33.67 MHz ( period = 29.702 ns )                    ; mag_sqr_fft:u_fft|w_re[14] ; mag_sqr_fft:u_fft|up_im[11] ; clk        ; clk      ; None                        ; None                      ; 29.243 ns               ;
; N/A                                     ; 33.67 MHz ( period = 29.698 ns )                    ; mag_sqr_fft:u_fft|b_re[17] ; mag_sqr_fft:u_fft|up_re[6]  ; clk        ; clk      ; None                        ; None                      ; 29.239 ns               ;
; N/A                                     ; 33.68 MHz ( period = 29.694 ns )                    ; mag_sqr_fft:u_fft|b_re[13] ; mag_sqr_fft:u_fft|up_re[7]  ; clk        ; clk      ; None                        ; None                      ; 29.235 ns               ;
; N/A                                     ; 33.71 MHz ( period = 29.666 ns )                    ; mag_sqr_fft:u_fft|b_re[8]  ; mag_sqr_fft:u_fft|up_re[15] ; clk        ; clk      ; None                        ; None                      ; 29.207 ns               ;
; N/A                                     ; 33.72 MHz ( period = 29.653 ns )                    ; mag_sqr_fft:u_fft|w_re[13] ; mag_sqr_fft:u_fft|up_re[3]  ; clk        ; clk      ; None                        ; None                      ; 29.194 ns               ;
; N/A                                     ; 33.72 MHz ( period = 29.652 ns )                    ; mag_sqr_fft:u_fft|w_im[13] ; mag_sqr_fft:u_fft|up_re[7]  ; clk        ; clk      ; None                        ; None                      ; 29.193 ns               ;
; N/A                                     ; 33.74 MHz ( period = 29.640 ns )                    ; mag_sqr_fft:u_fft|b_re[14] ; mag_sqr_fft:u_fft|up_re[2]  ; clk        ; clk      ; None                        ; None                      ; 29.181 ns               ;
; N/A                                     ; 33.75 MHz ( period = 29.626 ns )                    ; mag_sqr_fft:u_fft|w_re[1]  ; mag_sqr_fft:u_fft|up_re[9]  ; clk        ; clk      ; None                        ; None                      ; 29.167 ns               ;
; N/A                                     ; 33.76 MHz ( period = 29.618 ns )                    ; mag_sqr_fft:u_fft|w_re[0]  ; mag_sqr_fft:u_fft|up_im[3]  ; clk        ; clk      ; None                        ; None                      ; 29.159 ns               ;
; N/A                                     ; 33.76 MHz ( period = 29.617 ns )                    ; mag_sqr_fft:u_fft|b_im[13] ; mag_sqr_fft:u_fft|up_im[13] ; clk        ; clk      ; None                        ; None                      ; 29.158 ns               ;
; N/A                                     ; 33.77 MHz ( period = 29.609 ns )                    ; mag_sqr_fft:u_fft|w_im[13] ; mag_sqr_fft:u_fft|up_im[0]  ; clk        ; clk      ; None                        ; None                      ; 29.150 ns               ;
; N/A                                     ; 33.80 MHz ( period = 29.586 ns )                    ; mag_sqr_fft:u_fft|w_re[14] ; mag_sqr_fft:u_fft|up_re[2]  ; clk        ; clk      ; None                        ; None                      ; 29.127 ns               ;
; N/A                                     ; 33.81 MHz ( period = 29.573 ns )                    ; mag_sqr_fft:u_fft|w_re[0]  ; mag_sqr_fft:u_fft|up_im[4]  ; clk        ; clk      ; None                        ; None                      ; 29.114 ns               ;
; N/A                                     ; 33.84 MHz ( period = 29.548 ns )                    ; mag_sqr_fft:u_fft|b_re[8]  ; mag_sqr_fft:u_fft|up_re[14] ; clk        ; clk      ; None                        ; None                      ; 29.089 ns               ;
; N/A                                     ; 33.85 MHz ( period = 29.545 ns )                    ; mag_sqr_fft:u_fft|w_re[14] ; mag_sqr_fft:u_fft|up_im[10] ; clk        ; clk      ; None                        ; None                      ; 29.086 ns               ;
; N/A                                     ; 33.88 MHz ( period = 29.515 ns )                    ; mag_sqr_fft:u_fft|b_re[13] ; mag_sqr_fft:u_fft|up_re[6]  ; clk        ; clk      ; None                        ; None                      ; 29.056 ns               ;
; N/A                                     ; 33.88 MHz ( period = 29.514 ns )                    ; mag_sqr_fft:u_fft|b_im[13] ; mag_sqr_fft:u_fft|up_im[11] ; clk        ; clk      ; None                        ; None                      ; 29.055 ns               ;
; N/A                                     ; 33.89 MHz ( period = 29.504 ns )                    ; mag_sqr_fft:u_fft|w_re[1]  ; mag_sqr_fft:u_fft|up_re[8]  ; clk        ; clk      ; None                        ; None                      ; 29.045 ns               ;
; N/A                                     ; 33.93 MHz ( period = 29.474 ns )                    ; mag_sqr_fft:u_fft|b_re[17] ; mag_sqr_fft:u_fft|up_re[4]  ; clk        ; clk      ; None                        ; None                      ; 29.015 ns               ;
; N/A                                     ; 33.93 MHz ( period = 29.473 ns )                    ; mag_sqr_fft:u_fft|w_im[13] ; mag_sqr_fft:u_fft|up_re[6]  ; clk        ; clk      ; None                        ; None                      ; 29.014 ns               ;
; N/A                                     ; 33.94 MHz ( period = 29.465 ns )                    ; mag_sqr_fft:u_fft|b_re[8]  ; mag_sqr_fft:u_fft|up_re[13] ; clk        ; clk      ; None                        ; None                      ; 29.006 ns               ;
; N/A                                     ; 33.95 MHz ( period = 29.455 ns )                    ; mag_sqr_fft:u_fft|b_re[17] ; mag_sqr_fft:u_fft|up_re[5]  ; clk        ; clk      ; None                        ; None                      ; 28.996 ns               ;
; N/A                                     ; 33.95 MHz ( period = 29.455 ns )                    ; mag_sqr_fft:u_fft|b_re[7]  ; mag_sqr_fft:u_fft|up_re[15] ; clk        ; clk      ; None                        ; None                      ; 28.996 ns               ;
; N/A                                     ; 33.97 MHz ( period = 29.434 ns )                    ; mag_sqr_fft:u_fft|w_re[14] ; mag_sqr_fft:u_fft|up_im[9]  ; clk        ; clk      ; None                        ; None                      ; 28.975 ns               ;
; N/A                                     ; 33.98 MHz ( period = 29.431 ns )                    ; mag_sqr_fft:u_fft|w_re[13] ; mag_sqr_fft:u_fft|up_im[5]  ; clk        ; clk      ; None                        ; None                      ; 28.972 ns               ;
; N/A                                     ; 33.98 MHz ( period = 29.427 ns )                    ; mag_sqr_fft:u_fft|w_re[14] ; mag_sqr_fft:u_fft|up_im[6]  ; clk        ; clk      ; None                        ; None                      ; 28.968 ns               ;
; N/A                                     ; 34.00 MHz ( period = 29.410 ns )                    ; mag_sqr_fft:u_fft|w_re[13] ; mag_sqr_fft:u_fft|up_re[2]  ; clk        ; clk      ; None                        ; None                      ; 28.951 ns               ;
; N/A                                     ; 34.01 MHz ( period = 29.404 ns )                    ; mag_sqr_fft:u_fft|w_re[13] ; mag_sqr_fft:u_fft|up_im[7]  ; clk        ; clk      ; None                        ; None                      ; 28.945 ns               ;
; N/A                                     ; 34.03 MHz ( period = 29.390 ns )                    ; mag_sqr_fft:u_fft|b_re[17] ; mag_sqr_fft:u_fft|up_re[3]  ; clk        ; clk      ; None                        ; None                      ; 28.931 ns               ;
; N/A                                     ; 34.06 MHz ( period = 29.357 ns )                    ; mag_sqr_fft:u_fft|b_im[13] ; mag_sqr_fft:u_fft|up_im[10] ; clk        ; clk      ; None                        ; None                      ; 28.898 ns               ;
; N/A                                     ; 34.07 MHz ( period = 29.349 ns )                    ; mag_sqr_fft:u_fft|b_re[8]  ; mag_sqr_fft:u_fft|up_re[12] ; clk        ; clk      ; None                        ; None                      ; 28.890 ns               ;
; N/A                                     ; 34.09 MHz ( period = 29.337 ns )                    ; mag_sqr_fft:u_fft|b_re[7]  ; mag_sqr_fft:u_fft|up_re[14] ; clk        ; clk      ; None                        ; None                      ; 28.878 ns               ;
; N/A                                     ; 34.09 MHz ( period = 29.331 ns )                    ; mag_sqr_fft:u_fft|w_re[14] ; mag_sqr_fft:u_fft|up_im[8]  ; clk        ; clk      ; None                        ; None                      ; 28.872 ns               ;
; N/A                                     ; 34.14 MHz ( period = 29.291 ns )                    ; mag_sqr_fft:u_fft|b_re[13] ; mag_sqr_fft:u_fft|up_re[4]  ; clk        ; clk      ; None                        ; None                      ; 28.832 ns               ;
; N/A                                     ; 34.15 MHz ( period = 29.285 ns )                    ; mag_sqr_fft:u_fft|b_re[8]  ; mag_sqr_fft:u_fft|up_re[11] ; clk        ; clk      ; None                        ; None                      ; 28.826 ns               ;
; N/A                                     ; 34.16 MHz ( period = 29.278 ns )                    ; mag_sqr_fft:u_fft|b_re[8]  ; mag_sqr_fft:u_fft|up_re[10] ; clk        ; clk      ; None                        ; None                      ; 28.819 ns               ;
; N/A                                     ; 34.16 MHz ( period = 29.272 ns )                    ; mag_sqr_fft:u_fft|b_re[13] ; mag_sqr_fft:u_fft|up_re[5]  ; clk        ; clk      ; None                        ; None                      ; 28.813 ns               ;
; N/A                                     ; 34.18 MHz ( period = 29.254 ns )                    ; mag_sqr_fft:u_fft|b_re[7]  ; mag_sqr_fft:u_fft|up_re[13] ; clk        ; clk      ; None                        ; None                      ; 28.795 ns               ;
; N/A                                     ; 34.19 MHz ( period = 29.249 ns )                    ; mag_sqr_fft:u_fft|w_im[13] ; mag_sqr_fft:u_fft|up_re[4]  ; clk        ; clk      ; None                        ; None                      ; 28.790 ns               ;
; N/A                                     ; 34.19 MHz ( period = 29.246 ns )                    ; mag_sqr_fft:u_fft|b_im[13] ; mag_sqr_fft:u_fft|up_im[9]  ; clk        ; clk      ; None                        ; None                      ; 28.787 ns               ;
; N/A                                     ; 34.20 MHz ( period = 29.239 ns )                    ; mag_sqr_fft:u_fft|b_im[13] ; mag_sqr_fft:u_fft|up_im[6]  ; clk        ; clk      ; None                        ; None                      ; 28.780 ns               ;
; N/A                                     ; 34.21 MHz ( period = 29.230 ns )                    ; mag_sqr_fft:u_fft|w_im[13] ; mag_sqr_fft:u_fft|up_re[5]  ; clk        ; clk      ; None                        ; None                      ; 28.771 ns               ;
; N/A                                     ; 34.21 MHz ( period = 29.227 ns )                    ; mag_sqr_fft:u_fft|w_re[15] ; mag_sqr_fft:u_fft|up_re[15] ; clk        ; clk      ; None                        ; None                      ; 28.768 ns               ;
; N/A                                     ; 34.24 MHz ( period = 29.207 ns )                    ; mag_sqr_fft:u_fft|b_re[13] ; mag_sqr_fft:u_fft|up_re[3]  ; clk        ; clk      ; None                        ; None                      ; 28.748 ns               ;
; N/A                                     ; 34.24 MHz ( period = 29.204 ns )                    ; mag_sqr_fft:u_fft|b_re[9]  ; mag_sqr_fft:u_fft|up_re[15] ; clk        ; clk      ; None                        ; None                      ; 28.745 ns               ;
; N/A                                     ; 34.25 MHz ( period = 29.196 ns )                    ; mag_sqr_fft:u_fft|w_re[13] ; mag_sqr_fft:u_fft|up_im[3]  ; clk        ; clk      ; None                        ; None                      ; 28.737 ns               ;
; N/A                                     ; 34.28 MHz ( period = 29.170 ns )                    ; mag_sqr_fft:u_fft|w_re[1]  ; mag_sqr_fft:u_fft|up_im[2]  ; clk        ; clk      ; None                        ; None                      ; 28.711 ns               ;
; N/A                                     ; 34.29 MHz ( period = 29.166 ns )                    ; mag_sqr_fft:u_fft|w_re[1]  ; mag_sqr_fft:u_fft|up_re[7]  ; clk        ; clk      ; None                        ; None                      ; 28.707 ns               ;
; N/A                                     ; 34.29 MHz ( period = 29.165 ns )                    ; mag_sqr_fft:u_fft|w_im[13] ; mag_sqr_fft:u_fft|up_re[3]  ; clk        ; clk      ; None                        ; None                      ; 28.706 ns               ;
; N/A                                     ; 34.30 MHz ( period = 29.155 ns )                    ; mag_sqr_fft:u_fft|b_im[1]  ; mag_sqr_fft:u_fft|up_im[15] ; clk        ; clk      ; None                        ; None                      ; 28.696 ns               ;
; N/A                                     ; 34.30 MHz ( period = 29.151 ns )                    ; mag_sqr_fft:u_fft|w_re[13] ; mag_sqr_fft:u_fft|up_im[4]  ; clk        ; clk      ; None                        ; None                      ; 28.692 ns               ;
; N/A                                     ; 34.31 MHz ( period = 29.147 ns )                    ; mag_sqr_fft:u_fft|b_re[17] ; mag_sqr_fft:u_fft|up_re[2]  ; clk        ; clk      ; None                        ; None                      ; 28.688 ns               ;
; N/A                                     ; 34.31 MHz ( period = 29.143 ns )                    ; mag_sqr_fft:u_fft|b_im[13] ; mag_sqr_fft:u_fft|up_im[8]  ; clk        ; clk      ; None                        ; None                      ; 28.684 ns               ;
; N/A                                     ; 34.32 MHz ( period = 29.138 ns )                    ; mag_sqr_fft:u_fft|b_re[7]  ; mag_sqr_fft:u_fft|up_re[12] ; clk        ; clk      ; None                        ; None                      ; 28.679 ns               ;
; N/A                                     ; 34.34 MHz ( period = 29.120 ns )                    ; mag_sqr_fft:u_fft|b_re[6]  ; mag_sqr_fft:u_fft|up_re[15] ; clk        ; clk      ; None                        ; None                      ; 28.661 ns               ;
; N/A                                     ; 34.35 MHz ( period = 29.109 ns )                    ; mag_sqr_fft:u_fft|w_re[15] ; mag_sqr_fft:u_fft|up_re[14] ; clk        ; clk      ; None                        ; None                      ; 28.650 ns               ;
; N/A                                     ; 34.38 MHz ( period = 29.086 ns )                    ; mag_sqr_fft:u_fft|b_re[9]  ; mag_sqr_fft:u_fft|up_re[14] ; clk        ; clk      ; None                        ; None                      ; 28.627 ns               ;
; N/A                                     ; 34.39 MHz ( period = 29.074 ns )                    ; mag_sqr_fft:u_fft|b_re[7]  ; mag_sqr_fft:u_fft|up_re[11] ; clk        ; clk      ; None                        ; None                      ; 28.615 ns               ;
; N/A                                     ; 34.40 MHz ( period = 29.067 ns )                    ; mag_sqr_fft:u_fft|b_re[7]  ; mag_sqr_fft:u_fft|up_re[10] ; clk        ; clk      ; None                        ; None                      ; 28.608 ns               ;
; N/A                                     ; 34.44 MHz ( period = 29.036 ns )                    ; mag_sqr_fft:u_fft|b_im[1]  ; mag_sqr_fft:u_fft|up_im[14] ; clk        ; clk      ; None                        ; None                      ; 28.577 ns               ;
; N/A                                     ; 34.45 MHz ( period = 29.026 ns )                    ; mag_sqr_fft:u_fft|w_re[15] ; mag_sqr_fft:u_fft|up_re[13] ; clk        ; clk      ; None                        ; None                      ; 28.567 ns               ;
; N/A                                     ; 34.46 MHz ( period = 29.020 ns )                    ; mag_sqr_fft:u_fft|b_re[8]  ; mag_sqr_fft:u_fft|up_re[9]  ; clk        ; clk      ; None                        ; None                      ; 28.561 ns               ;
; N/A                                     ; 34.48 MHz ( period = 29.003 ns )                    ; mag_sqr_fft:u_fft|b_re[9]  ; mag_sqr_fft:u_fft|up_re[13] ; clk        ; clk      ; None                        ; None                      ; 28.544 ns               ;
; N/A                                     ; 34.48 MHz ( period = 29.002 ns )                    ; mag_sqr_fft:u_fft|b_re[6]  ; mag_sqr_fft:u_fft|up_re[14] ; clk        ; clk      ; None                        ; None                      ; 28.543 ns               ;
; N/A                                     ; 34.50 MHz ( period = 28.987 ns )                    ; mag_sqr_fft:u_fft|w_re[1]  ; mag_sqr_fft:u_fft|up_re[6]  ; clk        ; clk      ; None                        ; None                      ; 28.528 ns               ;
; N/A                                     ; 34.52 MHz ( period = 28.966 ns )                    ; mag_sqr_fft:u_fft|b_im[1]  ; mag_sqr_fft:u_fft|up_im[12] ; clk        ; clk      ; None                        ; None                      ; 28.507 ns               ;
; N/A                                     ; 34.53 MHz ( period = 28.964 ns )                    ; mag_sqr_fft:u_fft|b_re[13] ; mag_sqr_fft:u_fft|up_re[2]  ; clk        ; clk      ; None                        ; None                      ; 28.505 ns               ;
; N/A                                     ; 34.58 MHz ( period = 28.922 ns )                    ; mag_sqr_fft:u_fft|w_im[13] ; mag_sqr_fft:u_fft|up_re[2]  ; clk        ; clk      ; None                        ; None                      ; 28.463 ns               ;
; N/A                                     ; 34.58 MHz ( period = 28.919 ns )                    ; mag_sqr_fft:u_fft|b_re[6]  ; mag_sqr_fft:u_fft|up_re[13] ; clk        ; clk      ; None                        ; None                      ; 28.460 ns               ;
; N/A                                     ; 34.59 MHz ( period = 28.910 ns )                    ; mag_sqr_fft:u_fft|w_re[15] ; mag_sqr_fft:u_fft|up_re[12] ; clk        ; clk      ; None                        ; None                      ; 28.451 ns               ;
; N/A                                     ; 34.60 MHz ( period = 28.900 ns )                    ; mag_sqr_fft:u_fft|w_re[0]  ; mag_sqr_fft:u_fft|up_re[15] ; clk        ; clk      ; None                        ; None                      ; 28.441 ns               ;
; N/A                                     ; 34.60 MHz ( period = 28.898 ns )                    ; mag_sqr_fft:u_fft|b_re[8]  ; mag_sqr_fft:u_fft|up_re[8]  ; clk        ; clk      ; None                        ; None                      ; 28.439 ns               ;
; N/A                                     ; 34.62 MHz ( period = 28.887 ns )                    ; mag_sqr_fft:u_fft|b_re[9]  ; mag_sqr_fft:u_fft|up_re[12] ; clk        ; clk      ; None                        ; None                      ; 28.428 ns               ;
; N/A                                     ; 34.63 MHz ( period = 28.879 ns )                    ; mag_sqr_fft:u_fft|w_im[13] ; mag_sqr_fft:u_fft|up_re[1]  ; clk        ; clk      ; None                        ; None                      ; 28.420 ns               ;
; N/A                                     ; 34.65 MHz ( period = 28.862 ns )                    ; mag_sqr_fft:u_fft|b_im[1]  ; mag_sqr_fft:u_fft|up_im[13] ; clk        ; clk      ; None                        ; None                      ; 28.403 ns               ;
; N/A                                     ; 34.65 MHz ( period = 28.859 ns )                    ; mag_sqr_fft:u_fft|b_re[14] ; mag_sqr_fft:u_fft|up_re[1]  ; clk        ; clk      ; None                        ; None                      ; 28.400 ns               ;
; Timing analysis restricted to 200 rows. ; To change the limit use Settings (Assignments menu) ;                            ;                             ;            ;          ;                             ;                           ;                         ;
+-----------------------------------------+-----------------------------------------------------+----------------------------+-----------------------------+------------+----------+-----------------------------+---------------------------+-------------------------+


+------------------------------------------------------------------------------------------------+
; tsu                                                                                            ;
+-------+--------------+------------+----------------+--------------------------------+----------+
; Slack ; Required tsu ; Actual tsu ; From           ; To                             ; To Clock ;
+-------+--------------+------------+----------------+--------------------------------+----------+
; N/A   ; None         ; 6.794 ns   ; adc_valid      ; input_buffer:u_in|ram_dout[7]  ; clk      ;
; N/A   ; None         ; 6.793 ns   ; adc_valid      ; input_buffer:u_in|ram_dout[10] ; clk      ;
; N/A   ; None         ; 5.825 ns   ; adc_valid      ; input_buffer:u_in|ram_dout[1]  ; clk      ;
; N/A   ; None         ; 5.822 ns   ; adc_valid      ; input_buffer:u_in|ram_addr[1]  ; clk      ;
; N/A   ; None         ; 5.789 ns   ; adc_valid      ; input_buffer:u_in|ram_dout[3]  ; clk      ;
; N/A   ; None         ; 5.789 ns   ; adc_valid      ; input_buffer:u_in|ram_dout[11] ; clk      ;
; N/A   ; None         ; 5.788 ns   ; adc_valid      ; input_buffer:u_in|ram_dout[13] ; clk      ;
; N/A   ; None         ; 5.787 ns   ; adc_valid      ; input_buffer:u_in|ram_dout[6]  ; clk      ;
; N/A   ; None         ; 5.787 ns   ; adc_valid      ; input_buffer:u_in|ram_dout[8]  ; clk      ;
; N/A   ; None         ; 5.785 ns   ; adc_valid      ; input_buffer:u_in|ram_addr[3]  ; clk      ;
; N/A   ; None         ; 5.375 ns   ; adc_valid      ; input_buffer:u_in|ram_dout[5]  ; clk      ;
; N/A   ; None         ; 5.374 ns   ; adc_valid      ; input_buffer:u_in|ram_dout[15] ; clk      ;
; N/A   ; None         ; 5.371 ns   ; adc_valid      ; input_buffer:u_in|ram_dout[4]  ; clk      ;
; N/A   ; None         ; 5.369 ns   ; adc_valid      ; input_buffer:u_in|ram_dout[12] ; clk      ;
; N/A   ; None         ; 5.366 ns   ; adc_valid      ; input_buffer:u_in|ram_dout[14] ; clk      ;
; N/A   ; None         ; 5.329 ns   ; adc_valid      ; input_buffer:u_in|ram_addr[2]  ; clk      ;
; N/A   ; None         ; 5.329 ns   ; adc_valid      ; input_buffer:u_in|ram_dout[2]  ; clk      ;
; N/A   ; None         ; 5.326 ns   ; adc_valid      ; input_buffer:u_in|ram_dout[9]  ; clk      ;
; N/A   ; None         ; 5.323 ns   ; adc_valid      ; input_buffer:u_in|ram_dout[0]  ; clk      ;
; N/A   ; None         ; 4.528 ns   ; adc_valid      ; input_buffer:u_in|ram_addr[0]  ; clk      ;
; N/A   ; None         ; 4.419 ns   ; adc_valid      ; input_buffer:u_in|wr_ptr[3]    ; clk      ;
; N/A   ; None         ; 4.304 ns   ; adc_valid      ; input_buffer:u_in|wr_ptr[2]    ; clk      ;
; N/A   ; None         ; 4.189 ns   ; adc_valid      ; input_buffer:u_in|wr_ptr[1]    ; clk      ;
; N/A   ; None         ; 4.147 ns   ; rst_n          ; input_buffer:u_in|ram_dout[7]  ; clk      ;
; N/A   ; None         ; 4.146 ns   ; rst_n          ; input_buffer:u_in|ram_dout[10] ; clk      ;
; N/A   ; None         ; 3.936 ns   ; adc_sample[12] ; input_buffer:u_in|ram_dout[12] ; clk      ;
; N/A   ; None         ; 3.680 ns   ; adc_valid      ; input_buffer:u_in|ram_we       ; clk      ;
; N/A   ; None         ; 3.611 ns   ; adc_sample[13] ; input_buffer:u_in|ram_dout[13] ; clk      ;
; N/A   ; None         ; 3.602 ns   ; adc_sample[11] ; input_buffer:u_in|ram_dout[11] ; clk      ;
; N/A   ; None         ; 3.573 ns   ; adc_valid      ; input_buffer:u_in|st.WRITE     ; clk      ;
; N/A   ; None         ; 3.572 ns   ; adc_valid      ; input_buffer:u_in|st.IDLE      ; clk      ;
; N/A   ; None         ; 3.555 ns   ; adc_sample[6]  ; input_buffer:u_in|ram_dout[6]  ; clk      ;
; N/A   ; None         ; 3.528 ns   ; adc_valid      ; input_buffer:u_in|wr_ptr[0]    ; clk      ;
; N/A   ; None         ; 3.527 ns   ; adc_sample[8]  ; input_buffer:u_in|ram_dout[8]  ; clk      ;
; N/A   ; None         ; 3.497 ns   ; adc_sample[1]  ; input_buffer:u_in|ram_dout[1]  ; clk      ;
; N/A   ; None         ; 3.455 ns   ; adc_sample[14] ; input_buffer:u_in|ram_dout[14] ; clk      ;
; N/A   ; None         ; 3.387 ns   ; adc_sample[15] ; input_buffer:u_in|ram_dout[15] ; clk      ;
; N/A   ; None         ; 3.371 ns   ; adc_sample[5]  ; input_buffer:u_in|ram_dout[5]  ; clk      ;
; N/A   ; None         ; 3.178 ns   ; rst_n          ; input_buffer:u_in|ram_dout[1]  ; clk      ;
; N/A   ; None         ; 3.175 ns   ; rst_n          ; input_buffer:u_in|ram_addr[1]  ; clk      ;
; N/A   ; None         ; 3.142 ns   ; rst_n          ; input_buffer:u_in|ram_dout[3]  ; clk      ;
; N/A   ; None         ; 3.142 ns   ; rst_n          ; input_buffer:u_in|ram_dout[11] ; clk      ;
; N/A   ; None         ; 3.141 ns   ; rst_n          ; input_buffer:u_in|ram_dout[13] ; clk      ;
; N/A   ; None         ; 3.140 ns   ; rst_n          ; input_buffer:u_in|ram_dout[6]  ; clk      ;
; N/A   ; None         ; 3.140 ns   ; rst_n          ; input_buffer:u_in|ram_dout[8]  ; clk      ;
; N/A   ; None         ; 3.138 ns   ; rst_n          ; input_buffer:u_in|ram_addr[3]  ; clk      ;
; N/A   ; None         ; 3.127 ns   ; adc_sample[0]  ; input_buffer:u_in|ram_dout[0]  ; clk      ;
; N/A   ; None         ; 3.087 ns   ; adc_sample[9]  ; input_buffer:u_in|ram_dout[9]  ; clk      ;
; N/A   ; None         ; 3.061 ns   ; adc_sample[4]  ; input_buffer:u_in|ram_dout[4]  ; clk      ;
; N/A   ; None         ; 2.728 ns   ; rst_n          ; input_buffer:u_in|ram_dout[5]  ; clk      ;
; N/A   ; None         ; 2.727 ns   ; rst_n          ; input_buffer:u_in|ram_dout[15] ; clk      ;
; N/A   ; None         ; 2.724 ns   ; rst_n          ; input_buffer:u_in|ram_dout[4]  ; clk      ;
; N/A   ; None         ; 2.722 ns   ; rst_n          ; input_buffer:u_in|ram_dout[12] ; clk      ;
; N/A   ; None         ; 2.719 ns   ; rst_n          ; input_buffer:u_in|ram_dout[14] ; clk      ;
; N/A   ; None         ; 2.682 ns   ; rst_n          ; input_buffer:u_in|ram_addr[2]  ; clk      ;
; N/A   ; None         ; 2.682 ns   ; rst_n          ; input_buffer:u_in|ram_dout[2]  ; clk      ;
; N/A   ; None         ; 2.679 ns   ; rst_n          ; input_buffer:u_in|ram_dout[9]  ; clk      ;
; N/A   ; None         ; 2.676 ns   ; rst_n          ; input_buffer:u_in|ram_dout[0]  ; clk      ;
; N/A   ; None         ; 2.610 ns   ; adc_sample[3]  ; input_buffer:u_in|ram_dout[3]  ; clk      ;
; N/A   ; None         ; 2.596 ns   ; adc_sample[10] ; input_buffer:u_in|ram_dout[10] ; clk      ;
; N/A   ; None         ; 2.558 ns   ; adc_sample[7]  ; input_buffer:u_in|ram_dout[7]  ; clk      ;
; N/A   ; None         ; 2.141 ns   ; adc_sample[2]  ; input_buffer:u_in|ram_dout[2]  ; clk      ;
; N/A   ; None         ; 1.881 ns   ; rst_n          ; input_buffer:u_in|ram_addr[0]  ; clk      ;
+-------+--------------+------------+----------------+--------------------------------+----------+


+-----------------------------------------------------------------------------------------------------------------+
; tco                                                                                                             ;
+-------+--------------+------------+---------------------------------------------------+------------+------------+
; Slack ; Required tco ; Actual tco ; From                                              ; To         ; From Clock ;
+-------+--------------+------------+---------------------------------------------------+------------+------------+
; N/A   ; None         ; 9.403 ns   ; ram_sp:ram_inst|altdpram:mem_rtl_0|segment[0][10] ; dout[10]   ; clk        ;
; N/A   ; None         ; 9.399 ns   ; ram_sp:ram_inst|altdpram:mem_rtl_0|segment[0][9]  ; dout[9]    ; clk        ;
; N/A   ; None         ; 9.371 ns   ; ram_sp:ram_inst|altdpram:mem_rtl_0|segment[0][11] ; dout[11]   ; clk        ;
; N/A   ; None         ; 9.369 ns   ; ram_sp:ram_inst|altdpram:mem_rtl_0|segment[0][2]  ; dout[2]    ; clk        ;
; N/A   ; None         ; 9.358 ns   ; ram_sp:ram_inst|altdpram:mem_rtl_0|segment[0][3]  ; dout[3]    ; clk        ;
; N/A   ; None         ; 9.332 ns   ; ram_sp:ram_inst|altdpram:mem_rtl_0|segment[0][5]  ; dout[5]    ; clk        ;
; N/A   ; None         ; 8.952 ns   ; ram_sp:ram_inst|altdpram:mem_rtl_0|segment[0][15] ; dout[15]   ; clk        ;
; N/A   ; None         ; 8.842 ns   ; ram_sp:ram_inst|altdpram:mem_rtl_0|segment[0][6]  ; dout[6]    ; clk        ;
; N/A   ; None         ; 8.836 ns   ; ram_sp:ram_inst|altdpram:mem_rtl_0|segment[0][8]  ; dout[8]    ; clk        ;
; N/A   ; None         ; 8.822 ns   ; ram_sp:ram_inst|altdpram:mem_rtl_0|segment[0][7]  ; dout[7]    ; clk        ;
; N/A   ; None         ; 8.807 ns   ; ram_sp:ram_inst|altdpram:mem_rtl_0|segment[0][4]  ; dout[4]    ; clk        ;
; N/A   ; None         ; 8.674 ns   ; ram_sp:ram_inst|altdpram:mem_rtl_0|segment[0][0]  ; dout[0]    ; clk        ;
; N/A   ; None         ; 8.483 ns   ; ram_sp:ram_inst|altdpram:mem_rtl_0|segment[0][14] ; dout[14]   ; clk        ;
; N/A   ; None         ; 8.294 ns   ; ram_sp:ram_inst|altdpram:mem_rtl_0|segment[0][13] ; dout[13]   ; clk        ;
; N/A   ; None         ; 7.888 ns   ; output_buffer:u_out|dout_valid                    ; dout_valid ; clk        ;
; N/A   ; None         ; 7.862 ns   ; ram_sp:ram_inst|altdpram:mem_rtl_0|segment[0][12] ; dout[12]   ; clk        ;
; N/A   ; None         ; 7.775 ns   ; ram_sp:ram_inst|altdpram:mem_rtl_0|segment[0][1]  ; dout[1]    ; clk        ;
; N/A   ; None         ; 7.337 ns   ; input_buffer:u_in|din_ready                       ; adc_ready  ; clk        ;
+-------+--------------+------------+---------------------------------------------------+------------+------------+


+------------------------------------------------------------------------------------------------------+
; th                                                                                                   ;
+---------------+-------------+-----------+----------------+--------------------------------+----------+
; Minimum Slack ; Required th ; Actual th ; From           ; To                             ; To Clock ;
+---------------+-------------+-----------+----------------+--------------------------------+----------+
; N/A           ; None        ; -1.418 ns ; rst_n          ; input_buffer:u_in|ram_addr[0]  ; clk      ;
; N/A           ; None        ; -1.678 ns ; adc_sample[2]  ; input_buffer:u_in|ram_dout[2]  ; clk      ;
; N/A           ; None        ; -2.095 ns ; adc_sample[7]  ; input_buffer:u_in|ram_dout[7]  ; clk      ;
; N/A           ; None        ; -2.133 ns ; adc_sample[10] ; input_buffer:u_in|ram_dout[10] ; clk      ;
; N/A           ; None        ; -2.147 ns ; adc_sample[3]  ; input_buffer:u_in|ram_dout[3]  ; clk      ;
; N/A           ; None        ; -2.213 ns ; rst_n          ; input_buffer:u_in|ram_dout[0]  ; clk      ;
; N/A           ; None        ; -2.216 ns ; rst_n          ; input_buffer:u_in|ram_dout[9]  ; clk      ;
; N/A           ; None        ; -2.219 ns ; rst_n          ; input_buffer:u_in|ram_addr[2]  ; clk      ;
; N/A           ; None        ; -2.219 ns ; rst_n          ; input_buffer:u_in|ram_dout[2]  ; clk      ;
; N/A           ; None        ; -2.256 ns ; rst_n          ; input_buffer:u_in|ram_dout[14] ; clk      ;
; N/A           ; None        ; -2.259 ns ; rst_n          ; input_buffer:u_in|ram_dout[12] ; clk      ;
; N/A           ; None        ; -2.261 ns ; rst_n          ; input_buffer:u_in|ram_dout[4]  ; clk      ;
; N/A           ; None        ; -2.264 ns ; rst_n          ; input_buffer:u_in|ram_dout[15] ; clk      ;
; N/A           ; None        ; -2.265 ns ; rst_n          ; input_buffer:u_in|ram_dout[5]  ; clk      ;
; N/A           ; None        ; -2.598 ns ; adc_sample[4]  ; input_buffer:u_in|ram_dout[4]  ; clk      ;
; N/A           ; None        ; -2.624 ns ; adc_sample[9]  ; input_buffer:u_in|ram_dout[9]  ; clk      ;
; N/A           ; None        ; -2.664 ns ; adc_sample[0]  ; input_buffer:u_in|ram_dout[0]  ; clk      ;
; N/A           ; None        ; -2.675 ns ; rst_n          ; input_buffer:u_in|ram_addr[3]  ; clk      ;
; N/A           ; None        ; -2.677 ns ; rst_n          ; input_buffer:u_in|ram_dout[6]  ; clk      ;
; N/A           ; None        ; -2.677 ns ; rst_n          ; input_buffer:u_in|ram_dout[8]  ; clk      ;
; N/A           ; None        ; -2.678 ns ; rst_n          ; input_buffer:u_in|ram_dout[13] ; clk      ;
; N/A           ; None        ; -2.679 ns ; rst_n          ; input_buffer:u_in|ram_dout[3]  ; clk      ;
; N/A           ; None        ; -2.679 ns ; rst_n          ; input_buffer:u_in|ram_dout[11] ; clk      ;
; N/A           ; None        ; -2.712 ns ; rst_n          ; input_buffer:u_in|ram_addr[1]  ; clk      ;
; N/A           ; None        ; -2.715 ns ; rst_n          ; input_buffer:u_in|ram_dout[1]  ; clk      ;
; N/A           ; None        ; -2.908 ns ; adc_sample[5]  ; input_buffer:u_in|ram_dout[5]  ; clk      ;
; N/A           ; None        ; -2.924 ns ; adc_sample[15] ; input_buffer:u_in|ram_dout[15] ; clk      ;
; N/A           ; None        ; -2.992 ns ; adc_sample[14] ; input_buffer:u_in|ram_dout[14] ; clk      ;
; N/A           ; None        ; -3.034 ns ; adc_sample[1]  ; input_buffer:u_in|ram_dout[1]  ; clk      ;
; N/A           ; None        ; -3.064 ns ; adc_sample[8]  ; input_buffer:u_in|ram_dout[8]  ; clk      ;
; N/A           ; None        ; -3.065 ns ; adc_valid      ; input_buffer:u_in|wr_ptr[0]    ; clk      ;
; N/A           ; None        ; -3.092 ns ; adc_sample[6]  ; input_buffer:u_in|ram_dout[6]  ; clk      ;
; N/A           ; None        ; -3.109 ns ; adc_valid      ; input_buffer:u_in|st.IDLE      ; clk      ;
; N/A           ; None        ; -3.110 ns ; adc_valid      ; input_buffer:u_in|st.WRITE     ; clk      ;
; N/A           ; None        ; -3.139 ns ; adc_sample[11] ; input_buffer:u_in|ram_dout[11] ; clk      ;
; N/A           ; None        ; -3.148 ns ; adc_sample[13] ; input_buffer:u_in|ram_dout[13] ; clk      ;
; N/A           ; None        ; -3.217 ns ; adc_valid      ; input_buffer:u_in|ram_we       ; clk      ;
; N/A           ; None        ; -3.473 ns ; adc_sample[12] ; input_buffer:u_in|ram_dout[12] ; clk      ;
; N/A           ; None        ; -3.683 ns ; rst_n          ; input_buffer:u_in|ram_dout[10] ; clk      ;
; N/A           ; None        ; -3.684 ns ; rst_n          ; input_buffer:u_in|ram_dout[7]  ; clk      ;
; N/A           ; None        ; -3.726 ns ; adc_valid      ; input_buffer:u_in|wr_ptr[1]    ; clk      ;
; N/A           ; None        ; -3.841 ns ; adc_valid      ; input_buffer:u_in|wr_ptr[2]    ; clk      ;
; N/A           ; None        ; -3.956 ns ; adc_valid      ; input_buffer:u_in|wr_ptr[3]    ; clk      ;
; N/A           ; None        ; -4.065 ns ; adc_valid      ; input_buffer:u_in|ram_addr[0]  ; clk      ;
; N/A           ; None        ; -4.860 ns ; adc_valid      ; input_buffer:u_in|ram_dout[0]  ; clk      ;
; N/A           ; None        ; -4.863 ns ; adc_valid      ; input_buffer:u_in|ram_dout[9]  ; clk      ;
; N/A           ; None        ; -4.866 ns ; adc_valid      ; input_buffer:u_in|ram_addr[2]  ; clk      ;
; N/A           ; None        ; -4.866 ns ; adc_valid      ; input_buffer:u_in|ram_dout[2]  ; clk      ;
; N/A           ; None        ; -4.903 ns ; adc_valid      ; input_buffer:u_in|ram_dout[14] ; clk      ;
; N/A           ; None        ; -4.906 ns ; adc_valid      ; input_buffer:u_in|ram_dout[12] ; clk      ;
; N/A           ; None        ; -4.908 ns ; adc_valid      ; input_buffer:u_in|ram_dout[4]  ; clk      ;
; N/A           ; None        ; -4.911 ns ; adc_valid      ; input_buffer:u_in|ram_dout[15] ; clk      ;
; N/A           ; None        ; -4.912 ns ; adc_valid      ; input_buffer:u_in|ram_dout[5]  ; clk      ;
; N/A           ; None        ; -5.322 ns ; adc_valid      ; input_buffer:u_in|ram_addr[3]  ; clk      ;
; N/A           ; None        ; -5.324 ns ; adc_valid      ; input_buffer:u_in|ram_dout[6]  ; clk      ;
; N/A           ; None        ; -5.324 ns ; adc_valid      ; input_buffer:u_in|ram_dout[8]  ; clk      ;
; N/A           ; None        ; -5.325 ns ; adc_valid      ; input_buffer:u_in|ram_dout[13] ; clk      ;
; N/A           ; None        ; -5.326 ns ; adc_valid      ; input_buffer:u_in|ram_dout[3]  ; clk      ;
; N/A           ; None        ; -5.326 ns ; adc_valid      ; input_buffer:u_in|ram_dout[11] ; clk      ;
; N/A           ; None        ; -5.359 ns ; adc_valid      ; input_buffer:u_in|ram_addr[1]  ; clk      ;
; N/A           ; None        ; -5.362 ns ; adc_valid      ; input_buffer:u_in|ram_dout[1]  ; clk      ;
; N/A           ; None        ; -6.330 ns ; adc_valid      ; input_buffer:u_in|ram_dout[10] ; clk      ;
; N/A           ; None        ; -6.331 ns ; adc_valid      ; input_buffer:u_in|ram_dout[7]  ; clk      ;
+---------------+-------------+-----------+----------------+--------------------------------+----------+


+--------------------------+
; Timing Analyzer Messages ;
+--------------------------+
Info: *******************************************************************
Info: Running Quartus II Classic Timing Analyzer
    Info: Version 9.0 Build 235 06/17/2009 Service Pack 2 SJ Web Edition
    Info: Processing started: Fri Jun 27 16:44:33 2025
Info: Command: quartus_tan --read_settings_files=off --write_settings_files=off SpectAnalyzer -c SpectAnalyzer_top
Info: Started post-fitting delay annotation
Info: Delay annotation completed successfully
Warning: Found pins functioning as undefined clocks and/or memory enables
    Info: Assuming node "clk" is an undefined clock
Info: Clock "clk" has Internal fmax of 30.85 MHz between source register "mag_sqr_fft:u_fft|w_im[13]" and destination register "mag_sqr_fft:u_fft|up_im[15]" (period= 32.416 ns)
    Info: + Longest register to register delay is 31.957 ns
        Info: 1: + IC(0.000 ns) + CELL(0.144 ns) = 0.144 ns; Loc. = LC1_16_I1; Fanout = 70; REG Node = 'mag_sqr_fft:u_fft|w_im[13]'
        Info: 2: + IC(4.377 ns) + CELL(0.599 ns) = 5.120 ns; Loc. = LC2_9_V2; Fanout = 1; COMB Node = 'mag_sqr_fft:u_fft|lpm_mult:Mult2|mult_6g01:auto_generated|cs1a[1]~COUT'
        Info: 3: + IC(0.000 ns) + CELL(0.647 ns) = 5.767 ns; Loc. = LC3_9_V2; Fanout = 19; COMB Node = 'mag_sqr_fft:u_fft|lpm_mult:Mult2|mult_6g01:auto_generated|cs1a[2]'
        Info: 4: + IC(2.337 ns) + CELL(0.796 ns) = 8.900 ns; Loc. = LC9_3_Z2; Fanout = 2; COMB Node = 'mag_sqr_fft:u_fft|lpm_mult:Mult2|mult_6g01:auto_generated|le6a[11]'
        Info: 5: + IC(1.001 ns) + CELL(1.002 ns) = 10.903 ns; Loc. = LC8_2_Z2; Fanout = 2; COMB Node = 'mag_sqr_fft:u_fft|lpm_mult:Mult2|mult_6g01:auto_generated|add35_result[3]~1'
        Info: 6: + IC(0.000 ns) + CELL(0.115 ns) = 11.018 ns; Loc. = LC9_2_Z2; Fanout = 2; COMB Node = 'mag_sqr_fft:u_fft|lpm_mult:Mult2|mult_6g01:auto_generated|add35_result[4]~4'
        Info: 7: + IC(0.000 ns) + CELL(0.115 ns) = 11.133 ns; Loc. = LC10_2_Z2; Fanout = 2; COMB Node = 'mag_sqr_fft:u_fft|lpm_mult:Mult2|mult_6g01:auto_generated|add35_result[5]~7'
        Info: 8: + IC(0.434 ns) + CELL(0.115 ns) = 11.682 ns; Loc. = LC1_4_Z2; Fanout = 2; COMB Node = 'mag_sqr_fft:u_fft|lpm_mult:Mult2|mult_6g01:auto_generated|add35_result[6]~10'
        Info: 9: + IC(0.000 ns) + CELL(0.115 ns) = 11.797 ns; Loc. = LC2_4_Z2; Fanout = 2; COMB Node = 'mag_sqr_fft:u_fft|lpm_mult:Mult2|mult_6g01:auto_generated|add35_result[7]~13'
        Info: 10: + IC(0.000 ns) + CELL(0.647 ns) = 12.444 ns; Loc. = LC3_4_Z2; Fanout = 2; COMB Node = 'mag_sqr_fft:u_fft|lpm_mult:Mult2|mult_6g01:auto_generated|add35_result[8]~15'
        Info: 11: + IC(2.095 ns) + CELL(1.002 ns) = 15.541 ns; Loc. = LC10_3_V2; Fanout = 2; COMB Node = 'mag_sqr_fft:u_fft|lpm_mult:Mult2|mult_6g01:auto_generated|add15_result[18]~19'
        Info: 12: + IC(0.434 ns) + CELL(0.115 ns) = 16.090 ns; Loc. = LC1_5_V2; Fanout = 2; COMB Node = 'mag_sqr_fft:u_fft|lpm_mult:Mult2|mult_6g01:auto_generated|add15_result[19]~22'
        Info: 13: + IC(0.000 ns) + CELL(0.115 ns) = 16.205 ns; Loc. = LC2_5_V2; Fanout = 2; COMB Node = 'mag_sqr_fft:u_fft|lpm_mult:Mult2|mult_6g01:auto_generated|add15_result[20]~25'
        Info: 14: + IC(0.000 ns) + CELL(0.115 ns) = 16.320 ns; Loc. = LC3_5_V2; Fanout = 2; COMB Node = 'mag_sqr_fft:u_fft|lpm_mult:Mult2|mult_6g01:auto_generated|add15_result[21]~28'
        Info: 15: + IC(0.000 ns) + CELL(0.647 ns) = 16.967 ns; Loc. = LC4_5_V2; Fanout = 2; COMB Node = 'mag_sqr_fft:u_fft|lpm_mult:Mult2|mult_6g01:auto_generated|add15_result[22]~30'
        Info: 16: + IC(2.157 ns) + CELL(1.002 ns) = 20.126 ns; Loc. = LC9_9_Z2; Fanout = 2; COMB Node = 'mag_sqr_fft:u_fft|lpm_mult:Mult2|mult_6g01:auto_generated|add11_result[24]~34'
        Info: 17: + IC(0.000 ns) + CELL(0.115 ns) = 20.241 ns; Loc. = LC10_9_Z2; Fanout = 2; COMB Node = 'mag_sqr_fft:u_fft|lpm_mult:Mult2|mult_6g01:auto_generated|add11_result[25]~37'
        Info: 18: + IC(0.434 ns) + CELL(0.115 ns) = 20.790 ns; Loc. = LC1_11_Z2; Fanout = 2; COMB Node = 'mag_sqr_fft:u_fft|lpm_mult:Mult2|mult_6g01:auto_generated|add11_result[26]~40'
        Info: 19: + IC(0.000 ns) + CELL(0.115 ns) = 20.905 ns; Loc. = LC2_11_Z2; Fanout = 2; COMB Node = 'mag_sqr_fft:u_fft|lpm_mult:Mult2|mult_6g01:auto_generated|add11_result[27]~43'
        Info: 20: + IC(0.000 ns) + CELL(0.115 ns) = 21.020 ns; Loc. = LC3_11_Z2; Fanout = 2; COMB Node = 'mag_sqr_fft:u_fft|lpm_mult:Mult2|mult_6g01:auto_generated|add11_result[28]~46'
        Info: 21: + IC(0.000 ns) + CELL(0.115 ns) = 21.135 ns; Loc. = LC4_11_Z2; Fanout = 2; COMB Node = 'mag_sqr_fft:u_fft|lpm_mult:Mult2|mult_6g01:auto_generated|add11_result[29]~49'
        Info: 22: + IC(0.000 ns) + CELL(0.647 ns) = 21.782 ns; Loc. = LC5_11_Z2; Fanout = 15; COMB Node = 'mag_sqr_fft:u_fft|lpm_mult:Mult2|mult_6g01:auto_generated|add11_result[30]~0'
        Info: 23: + IC(2.208 ns) + CELL(0.785 ns) = 24.775 ns; Loc. = LC2_10_U2; Fanout = 2; COMB Node = 'mag_sqr_fft:u_fft|r~77'
        Info: 24: + IC(0.268 ns) + CELL(1.002 ns) = 26.045 ns; Loc. = LC3_10_U2; Fanout = 2; COMB Node = 'mag_sqr_fft:u_fft|Add6~1'
        Info: 25: + IC(0.000 ns) + CELL(0.115 ns) = 26.160 ns; Loc. = LC4_10_U2; Fanout = 2; COMB Node = 'mag_sqr_fft:u_fft|Add6~4'
        Info: 26: + IC(0.000 ns) + CELL(0.115 ns) = 26.275 ns; Loc. = LC5_10_U2; Fanout = 2; COMB Node = 'mag_sqr_fft:u_fft|Add6~7'
        Info: 27: + IC(0.000 ns) + CELL(0.115 ns) = 26.390 ns; Loc. = LC6_10_U2; Fanout = 2; COMB Node = 'mag_sqr_fft:u_fft|Add6~10'
        Info: 28: + IC(0.000 ns) + CELL(0.115 ns) = 26.505 ns; Loc. = LC7_10_U2; Fanout = 2; COMB Node = 'mag_sqr_fft:u_fft|Add6~13'
        Info: 29: + IC(0.000 ns) + CELL(0.115 ns) = 26.620 ns; Loc. = LC8_10_U2; Fanout = 2; COMB Node = 'mag_sqr_fft:u_fft|Add6~16'
        Info: 30: + IC(0.000 ns) + CELL(0.115 ns) = 26.735 ns; Loc. = LC9_10_U2; Fanout = 2; COMB Node = 'mag_sqr_fft:u_fft|Add6~19'
        Info: 31: + IC(0.000 ns) + CELL(0.115 ns) = 26.850 ns; Loc. = LC10_10_U2; Fanout = 2; COMB Node = 'mag_sqr_fft:u_fft|Add6~22'
        Info: 32: + IC(0.434 ns) + CELL(0.115 ns) = 27.399 ns; Loc. = LC1_12_U2; Fanout = 2; COMB Node = 'mag_sqr_fft:u_fft|Add6~25'
        Info: 33: + IC(0.000 ns) + CELL(0.115 ns) = 27.514 ns; Loc. = LC2_12_U2; Fanout = 2; COMB Node = 'mag_sqr_fft:u_fft|Add6~28'
        Info: 34: + IC(0.000 ns) + CELL(0.115 ns) = 27.629 ns; Loc. = LC3_12_U2; Fanout = 2; COMB Node = 'mag_sqr_fft:u_fft|Add6~31'
        Info: 35: + IC(0.000 ns) + CELL(0.115 ns) = 27.744 ns; Loc. = LC4_12_U2; Fanout = 2; COMB Node = 'mag_sqr_fft:u_fft|Add6~34'
        Info: 36: + IC(0.000 ns) + CELL(0.115 ns) = 27.859 ns; Loc. = LC5_12_U2; Fanout = 2; COMB Node = 'mag_sqr_fft:u_fft|Add6~37'
        Info: 37: + IC(0.000 ns) + CELL(0.115 ns) = 27.974 ns; Loc. = LC6_12_U2; Fanout = 2; COMB Node = 'mag_sqr_fft:u_fft|Add6~40'
        Info: 38: + IC(0.000 ns) + CELL(0.115 ns) = 28.089 ns; Loc. = LC7_12_U2; Fanout = 1; COMB Node = 'mag_sqr_fft:u_fft|Add6~43'
        Info: 39: + IC(0.000 ns) + CELL(0.647 ns) = 28.736 ns; Loc. = LC8_12_U2; Fanout = 1; COMB Node = 'mag_sqr_fft:u_fft|Add6~45'
        Info: 40: + IC(2.560 ns) + CELL(0.320 ns) = 31.616 ns; Loc. = LC4_15_U1; Fanout = 1; COMB Node = 'mag_sqr_fft:u_fft|Selector95~6'
        Info: 41: + IC(0.254 ns) + CELL(0.087 ns) = 31.957 ns; Loc. = LC2_14_U1; Fanout = 4; REG Node = 'mag_sqr_fft:u_fft|up_im[15]'
        Info: Total cell delay = 12.964 ns ( 40.57 % )
        Info: Total interconnect delay = 18.993 ns ( 59.43 % )
    Info: - Smallest clock skew is 0.000 ns
        Info: + Shortest clock path from clock "clk" to destination register is 2.427 ns
            Info: 1: + IC(0.000 ns) + CELL(1.290 ns) = 1.290 ns; Loc. = PIN_R6; Fanout = 358; CLK Node = 'clk'
            Info: 2: + IC(1.137 ns) + CELL(0.000 ns) = 2.427 ns; Loc. = LC2_14_U1; Fanout = 4; REG Node = 'mag_sqr_fft:u_fft|up_im[15]'
            Info: Total cell delay = 1.290 ns ( 53.15 % )
            Info: Total interconnect delay = 1.137 ns ( 46.85 % )
        Info: - Longest clock path from clock "clk" to source register is 2.427 ns
            Info: 1: + IC(0.000 ns) + CELL(1.290 ns) = 1.290 ns; Loc. = PIN_R6; Fanout = 358; CLK Node = 'clk'
            Info: 2: + IC(1.137 ns) + CELL(0.000 ns) = 2.427 ns; Loc. = LC1_16_I1; Fanout = 70; REG Node = 'mag_sqr_fft:u_fft|w_im[13]'
            Info: Total cell delay = 1.290 ns ( 53.15 % )
            Info: Total interconnect delay = 1.137 ns ( 46.85 % )
    Info: + Micro clock to output delay of source is 0.299 ns
    Info: + Micro setup delay of destination is 0.160 ns
Info: tsu for register "input_buffer:u_in|ram_dout[7]" (data pin = "adc_valid", clock pin = "clk") is 6.794 ns
    Info: + Longest pin to register delay is 9.061 ns
        Info: 1: + IC(0.000 ns) + CELL(1.640 ns) = 1.640 ns; Loc. = PIN_H1; Fanout = 6; PIN Node = 'adc_valid'
        Info: 2: + IC(3.616 ns) + CELL(0.796 ns) = 6.052 ns; Loc. = LC10_3_N1; Fanout = 20; COMB Node = 'input_buffer:u_in|ram_dout[0]~16'
        Info: 3: + IC(2.555 ns) + CELL(0.454 ns) = 9.061 ns; Loc. = LC7_15_U1; Fanout = 1; REG Node = 'input_buffer:u_in|ram_dout[7]'
        Info: Total cell delay = 2.890 ns ( 31.89 % )
        Info: Total interconnect delay = 6.171 ns ( 68.11 % )
    Info: + Micro setup delay of destination is 0.160 ns
    Info: - Shortest clock path from clock "clk" to destination register is 2.427 ns
        Info: 1: + IC(0.000 ns) + CELL(1.290 ns) = 1.290 ns; Loc. = PIN_R6; Fanout = 358; CLK Node = 'clk'
        Info: 2: + IC(1.137 ns) + CELL(0.000 ns) = 2.427 ns; Loc. = LC7_15_U1; Fanout = 1; REG Node = 'input_buffer:u_in|ram_dout[7]'
        Info: Total cell delay = 1.290 ns ( 53.15 % )
        Info: Total interconnect delay = 1.137 ns ( 46.85 % )
Info: tco from clock "clk" to destination pin "dout[10]" through memory "ram_sp:ram_inst|altdpram:mem_rtl_0|segment[0][10]" is 9.403 ns
    Info: + Longest clock path from clock "clk" to source memory is 2.402 ns
        Info: 1: + IC(0.000 ns) + CELL(1.290 ns) = 1.290 ns; Loc. = PIN_R6; Fanout = 358; CLK Node = 'clk'
        Info: 2: + IC(0.402 ns) + CELL(0.710 ns) = 2.402 ns; Loc. = EC5_1_N1; Fanout = 5; MEM Node = 'ram_sp:ram_inst|altdpram:mem_rtl_0|segment[0][10]'
        Info: Total cell delay = 2.000 ns ( 83.26 % )
        Info: Total interconnect delay = 0.402 ns ( 16.74 % )
    Info: + Micro clock to output delay of source is 0.000 ns
    Info: + Longest memory to pin delay is 7.001 ns
        Info: 1: + IC(0.000 ns) + CELL(0.372 ns) = 0.372 ns; Loc. = EC5_1_N1; Fanout = 5; MEM Node = 'ram_sp:ram_inst|altdpram:mem_rtl_0|segment[0][10]'
        Info: 2: + IC(4.219 ns) + CELL(2.410 ns) = 7.001 ns; Loc. = PIN_U26; Fanout = 0; PIN Node = 'dout[10]'
        Info: Total cell delay = 2.782 ns ( 39.74 % )
        Info: Total interconnect delay = 4.219 ns ( 60.26 % )
Info: th for register "input_buffer:u_in|ram_addr[0]" (data pin = "rst_n", clock pin = "clk") is -1.418 ns
    Info: + Longest clock path from clock "clk" to destination register is 2.427 ns
        Info: 1: + IC(0.000 ns) + CELL(1.290 ns) = 1.290 ns; Loc. = PIN_R6; Fanout = 358; CLK Node = 'clk'
        Info: 2: + IC(1.137 ns) + CELL(0.000 ns) = 2.427 ns; Loc. = LC4_3_N1; Fanout = 1; REG Node = 'input_buffer:u_in|ram_addr[0]'
        Info: Total cell delay = 1.290 ns ( 53.15 % )
        Info: Total interconnect delay = 1.137 ns ( 46.85 % )
    Info: + Micro hold delay of destination is 0.303 ns
    Info: - Shortest pin to register delay is 4.148 ns
        Info: 1: + IC(0.000 ns) + CELL(1.360 ns) = 1.360 ns; Loc. = PIN_H14; Fanout = 227; PIN Node = 'rst_n'
        Info: 2: + IC(1.332 ns) + CELL(0.713 ns) = 3.405 ns; Loc. = LC10_3_N1; Fanout = 20; COMB Node = 'input_buffer:u_in|ram_dout[0]~16'
        Info: 3: + IC(0.289 ns) + CELL(0.454 ns) = 4.148 ns; Loc. = LC4_3_N1; Fanout = 1; REG Node = 'input_buffer:u_in|ram_addr[0]'
        Info: Total cell delay = 2.527 ns ( 60.92 % )
        Info: Total interconnect delay = 1.621 ns ( 39.08 % )
Info: Quartus II Classic Timing Analyzer was successful. 0 errors, 1 warning
    Info: Peak virtual memory: 231 megabytes
    Info: Processing ended: Fri Jun 27 16:44:34 2025
    Info: Elapsed time: 00:00:01
    Info: Total CPU time (on all processors): 00:00:00


