Flow report for SpectAnalyzer_top
Sat Jun 28 07:13:57 2025
Quartus II Version 9.0 Build 235 06/17/2009 Service Pack 2 SJ Web Edition


---------------------
; Table of Contents ;
---------------------
  1. Legal Notice
  2. Flow Summary
  3. Flow Settings
  4. Flow Non-Default Global Settings
  5. Flow Elapsed Time
  6. Flow OS Summary
  7. Flow Log



----------------
; Legal Notice ;
----------------
Copyright (C) 1991-2009 Altera Corporation
Your use of Altera Corporation's design tools, logic functions 
and other software and tools, and its AMPP partner logic 
functions, and any output files from any of the foregoing 
(including device programming or simulation files), and any 
associated documentation or information are expressly subject 
to the terms and conditions of the Altera Program License 
Subscription Agreement, Altera MegaCore Function License 
Agreement, or other applicable license agreement, including, 
without limitation, that your use is for the sole purpose of 
programming logic devices manufactured by Altera and sold by 
Altera or its authorized distributors.  Please refer to the 
applicable agreement for further details.



+------------------------------------------------------------------------+
; Flow Summary                                                           ;
+-------------------------+----------------------------------------------+
; Flow Status             ; Successful - Sat Jun 28 07:13:57 2025        ;
; Quartus II Version      ; 9.0 Build 235 06/17/2009 SP 2 SJ Web Edition ;
; Revision Name           ; SpectAnalyzer_top                            ;
; Top-level Entity Name   ; SpectAnalyzer_top_dp                         ;
; Family                  ; APEX20KE                                     ;
; Device                  ; EP20K200EFC672-1                             ;
; Timing Models           ; Final                                        ;
; Met timing requirements ; Yes                                          ;
; Total logic elements    ; 134 / 8,320 ( 2 % )                          ;
; Total pins              ; 37 / 376 ( 10 % )                            ;
; Total virtual pins      ; 0                                            ;
; Total memory bits       ; 256 / 106,496 ( < 1 % )                      ;
; Total PLLs              ; 0                                            ;
+-------------------------+----------------------------------------------+


+-----------------------------------------+
; Flow Settings                           ;
+-------------------+---------------------+
; Option            ; Setting             ;
+-------------------+---------------------+
; Start date & time ; 06/28/2025 07:13:51 ;
; Main task         ; Compilation         ;
; Revision Name     ; SpectAnalyzer_top   ;
+-------------------+---------------------+


+--------------------------------------------------------------------------------------------------------------------------------------------------------+
; Flow Non-Default Global Settings                                                                                                                       ;
+------------------------------------+----------------------------------------------------------------+-------------------+-------------+----------------+
; Assignment Name                    ; Value                                                          ; Default Value     ; Entity Name ; Section Id     ;
+------------------------------------+----------------------------------------------------------------+-------------------+-------------+----------------+
; COMPILER_SIGNATURE_ID              ; 176156949473963.175106603034176                                ; --                ; --          ; --             ;
; EDA_OUTPUT_DATA_FORMAT             ; Vhdl                                                           ; --                ; --          ; eda_simulation ;
; EDA_SIMULATION_TOOL                ; ModelSim-Altera (VHDL)                                         ; <None>            ; --          ; --             ;
; MAX_CORE_JUNCTION_TEMP             ; 85                                                             ; --                ; --          ; --             ;
; MIN_CORE_JUNCTION_TEMP             ; 0                                                              ; --                ; --          ; --             ;
; MISC_FILE                          ; G:/DSD/EXPERIMENTS/SpectAnalyzer_Project/SpectAnalyzer_top.dpf ; --                ; --          ; --             ;
; TOP_LEVEL_ENTITY                   ; SpectAnalyzer_top_dp                                           ; SpectAnalyzer_top ; --          ; --             ;
; USE_GENERATED_PHYSICAL_CONSTRAINTS ; Off                                                            ; --                ; --          ; eda_blast_fpga ;
+------------------------------------+----------------------------------------------------------------+-------------------+-------------+----------------+


+-----------------------------------------------------------------------------------------------------------------------------+
; Flow Elapsed Time                                                                                                           ;
+-------------------------+--------------+-------------------------+---------------------+------------------------------------+
; Module Name             ; Elapsed Time ; Average Processors Used ; Peak Virtual Memory ; Total CPU Time (on all processors) ;
+-------------------------+--------------+-------------------------+---------------------+------------------------------------+
; Analysis & Synthesis    ; 00:00:01     ; 1.0                     ; 253 MB              ; 00:00:00                           ;
; Fitter                  ; 00:00:01     ; 1.0                     ; 265 MB              ; 00:00:00                           ;
; Assembler               ; 00:00:00     ; 1.0                     ; 236 MB              ; 00:00:00                           ;
; Classic Timing Analyzer ; 00:00:01     ; 1.0                     ; 212 MB              ; 00:00:00                           ;
; EDA Netlist Writer      ; 00:00:00     ; 1.0                     ; 161 MB              ; 00:00:00                           ;
; Total                   ; 00:00:03     ; --                      ; --                  ; 00:00:00                           ;
+-------------------------+--------------+-------------------------+---------------------+------------------------------------+


+------------------------------------------------------------------------------------------+
; Flow OS Summary                                                                          ;
+-------------------------+------------------+---------------+------------+----------------+
; Module Name             ; Machine Hostname ; OS Name       ; OS Version ; Processor type ;
+-------------------------+------------------+---------------+------------+----------------+
; Analysis & Synthesis    ; DaShuaiGe        ; Windows Vista ; 6.2        ; x86_64         ;
; Fitter                  ; DaShuaiGe        ; Windows Vista ; 6.2        ; x86_64         ;
; Assembler               ; DaShuaiGe        ; Windows Vista ; 6.2        ; x86_64         ;
; Classic Timing Analyzer ; DaShuaiGe        ; Windows Vista ; 6.2        ; x86_64         ;
; EDA Netlist Writer      ; DaShuaiGe        ; Windows Vista ; 6.2        ; x86_64         ;
+-------------------------+------------------+---------------+------------+----------------+


------------
; Flow Log ;
------------
quartus_map --read_settings_files=on --write_settings_files=off SpectAnalyzer -c SpectAnalyzer_top
quartus_fit --read_settings_files=off --write_settings_files=off SpectAnalyzer -c SpectAnalyzer_top
quartus_asm --read_settings_files=off --write_settings_files=off SpectAnalyzer -c SpectAnalyzer_top
quartus_tan --read_settings_files=off --write_settings_files=off SpectAnalyzer -c SpectAnalyzer_top
quartus_eda --read_settings_files=off --write_settings_files=off SpectAnalyzer -c SpectAnalyzer_top



