Assembler report for SpectAnalyzer_top
Fri Jun 27 14:30:57 2025
Quartus II Version 9.0 Build 235 06/17/2009 Service Pack 2 SJ Web Edition


---------------------
; Table of Contents ;
---------------------
  1. Legal Notice
  2. Assembler Summary
  3. Assembler Settings
  4. Assembler Generated Files
  5. Assembler Device Options: G:/DSD/EXPERIMENTS/SpectAnalyzer_Project/SpectAnalyzer_top.sof
  6. Assembler Device Options: G:/DSD/EXPERIMENTS/SpectAnalyzer_Project/SpectAnalyzer_top.pof
  7. Assembler Device Options: G:/DSD/EXPERIMENTS/SpectAnalyzer_Project/SpectAnalyzer_top_1.pof
  8. Assembler Messages



----------------
; Legal Notice ;
----------------
Copyright (C) 1991-2009 Altera Corporation
Your use of Altera Corporation's design tools, logic functions 
and other software and tools, and its AMPP partner logic 
functions, and any output files from any of the foregoing 
(including device programming or simulation files), and any 
associated documentation or information are expressly subject 
to the terms and conditions of the Altera Program License 
Subscription Agreement, Altera MegaCore Function License 
Agreement, or other applicable license agreement, including, 
without limitation, that your use is for the sole purpose of 
programming logic devices manufactured by Altera and sold by 
Altera or its authorized distributors.  Please refer to the 
applicable agreement for further details.



+---------------------------------------------------------------+
; Assembler Summary                                             ;
+-----------------------+---------------------------------------+
; Assembler Status      ; Successful - Fri Jun 27 14:30:57 2025 ;
; Revision Name         ; SpectAnalyzer_top                     ;
; Top-level Entity Name ; SpectAnalyzer_top                     ;
; Family                ; APEX20KE                              ;
; Device                ; EP20K200EFC672-1                      ;
+-----------------------+---------------------------------------+


+--------------------------------------------------------------------------------------------------------+
; Assembler Settings                                                                                     ;
+-----------------------------------------------------------------------------+----------+---------------+
; Option                                                                      ; Setting  ; Default Value ;
+-----------------------------------------------------------------------------+----------+---------------+
; Use smart compilation                                                       ; Off      ; Off           ;
; Compression mode                                                            ; Off      ; Off           ;
; Clock source for configuration device                                       ; Internal ; Internal      ;
; Clock frequency of the configuration device                                 ; 10 MHZ   ; 10 MHz        ;
; Divide clock frequency by                                                   ; 1        ; 1             ;
; Low-voltage mode                                                            ; On       ; On            ;
; Auto user code                                                              ; Off      ; Off           ;
; Use configuration device                                                    ; On       ; On            ;
; Configuration device                                                        ; Auto     ; Auto          ;
; Configuration device auto user code                                         ; Off      ; Off           ;
; Auto-increment JTAG user code for multiple configuration devices            ; On       ; On            ;
; Disable CONF_DONE and nSTATUS pull-ups on configuration device              ; Off      ; Off           ;
; Generate Tabular Text File (.ttf) For Target Device                         ; Off      ; Off           ;
; Generate Raw Binary File (.rbf) For Target Device                           ; Off      ; Off           ;
; Generate Hexadecimal (Intel-Format) Output File (.hexout) for Target Device ; Off      ; Off           ;
; Hexadecimal Output File start address                                       ; 0        ; 0             ;
; Hexadecimal Output File count direction                                     ; Up       ; Up            ;
; Release clears before tri-states                                            ; Off      ; Off           ;
; Auto-restart configuration after error                                      ; On       ; On            ;
; Generate Serial Vector Format File (.svf) for Target Device                 ; Off      ; Off           ;
; Generate a JEDEC STAPL Format File (.jam) for Target Device                 ; Off      ; Off           ;
; Generate a compressed Jam STAPL Byte Code 2.0 File (.jbc) for Target Device ; Off      ; Off           ;
; Generate a compressed Jam STAPL Byte Code 2.0 File (.jbc) for Target Device ; On       ; On            ;
+-----------------------------------------------------------------------------+----------+---------------+


+------------------------------------------------------------------+
; Assembler Generated Files                                        ;
+------------------------------------------------------------------+
; File Name                                                        ;
+------------------------------------------------------------------+
; G:/DSD/EXPERIMENTS/SpectAnalyzer_Project/SpectAnalyzer_top.sof   ;
; G:/DSD/EXPERIMENTS/SpectAnalyzer_Project/SpectAnalyzer_top.pof   ;
; G:/DSD/EXPERIMENTS/SpectAnalyzer_Project/SpectAnalyzer_top_1.pof ;
+------------------------------------------------------------------+


+------------------------------------------------------------------------------------------+
; Assembler Device Options: G:/DSD/EXPERIMENTS/SpectAnalyzer_Project/SpectAnalyzer_top.sof ;
+----------------+-------------------------------------------------------------------------+
; Option         ; Setting                                                                 ;
+----------------+-------------------------------------------------------------------------+
; Device         ; EP20K200EFC672-1                                                        ;
; JTAG usercode  ; 0xFFFFFFFF                                                              ;
; Checksum       ; 0x00107AD6                                                              ;
+----------------+-------------------------------------------------------------------------+


+------------------------------------------------------------------------------------------+
; Assembler Device Options: G:/DSD/EXPERIMENTS/SpectAnalyzer_Project/SpectAnalyzer_top.pof ;
+--------------------+---------------------------------------------------------------------+
; Option             ; Setting                                                             ;
+--------------------+---------------------------------------------------------------------+
; Device             ; EPC2                                                                ;
; JTAG usercode      ; 0x00000000                                                          ;
; Checksum           ; 0x0015EECC                                                          ;
; Compression Ratio  ; 1                                                                   ;
+--------------------+---------------------------------------------------------------------+


+--------------------------------------------------------------------------------------------+
; Assembler Device Options: G:/DSD/EXPERIMENTS/SpectAnalyzer_Project/SpectAnalyzer_top_1.pof ;
+--------------------+-----------------------------------------------------------------------+
; Option             ; Setting                                                               ;
+--------------------+-----------------------------------------------------------------------+
; Device             ; EPC2                                                                  ;
; JTAG usercode      ; 0x00000000                                                            ;
; Checksum           ; 0x02B70C00                                                            ;
; Compression Ratio  ; 1                                                                     ;
+--------------------+-----------------------------------------------------------------------+


+--------------------+
; Assembler Messages ;
+--------------------+
Info: *******************************************************************
Info: Running Quartus II Assembler
    Info: Version 9.0 Build 235 06/17/2009 Service Pack 2 SJ Web Edition
    Info: Processing started: Fri Jun 27 14:30:56 2025
Info: Command: quartus_asm --read_settings_files=off --write_settings_files=off SpectAnalyzer -c SpectAnalyzer_top
Info: Assembler is generating device programming files
Info: Quartus II Assembler was successful. 0 errors, 0 warnings
    Info: Peak virtual memory: 238 megabytes
    Info: Processing ended: Fri Jun 27 14:30:57 2025
    Info: Elapsed time: 00:00:01
    Info: Total CPU time (on all processors): 00:00:00


